#
# A fatal error has been detected by the Java Runtime Environment:
#
#  SIGBUS (0xa) at pc=0x000000010e9894f0, pid=23368, tid=28175
#
# JRE version: OpenJDK Runtime Environment (17.0.2+8) (build 17.0.2+8-86)
# Java VM: OpenJDK 64-Bit Server VM (17.0.2+8-86, mixed mode, sharing, tiered, compressed oops, compressed class ptrs, g1 gc, bsd-aarch64)
# Problematic frame:
# v  ~StubRoutines::SafeFetchN
#
# No core dump will be written. Core dumps have been disabled. To enable core dumping, try "ulimit -c unlimited" before starting Java again
#
# If you would like to submit a bug report, please visit:
#   https://bugreport.java.com/bugreport/crash.jsp
# The crash happened outside the Java Virtual Machine in native code.
# See problematic frame for where to report the bug.
#

---------------  S U M M A R Y ------------

Command Line: -javaagent:/Applications/IntelliJ IDEA CE.app/Contents/lib/idea_rt.jar=55877:/Applications/IntelliJ IDEA CE.app/Contents/bin -Dfile.encoding=UTF-8 --module-path=/Users/ray/Source/GUI/Examples2022/target/classes:/Users/ray/.m2/repository/org/openjfx/javafx-base/17-ea+11/javafx-base-17-ea+11-mac-aarch64.jar:/Users/ray/.m2/repository/org/openjfx/javafx-controls/17-ea+11/javafx-controls-17-ea+11-mac-aarch64.jar:/Users/ray/.m2/repository/org/openjfx/javafx-graphics/17-ea+11/javafx-graphics-17-ea+11-mac-aarch64.jar:/Users/ray/.m2/repository/org/openjfx/javafx-fxml/17-ea+11/javafx-fxml-17-ea+11-mac-aarch64.jar -Djdk.module.main=rebenitsch rebenitsch/Basics.FirstEvents

Host: "MacBookAir10,1" arm64 1 MHz, 8 cores, 16G, Darwin 21.2.0, macOS 12.1 (21C52)
Time: Wed Jan 26 12:55:14 2022 MST elapsed time: 0.962215 seconds (0d 0h 0m 0s)

---------------  T H R E A D  ---------------

Current thread (0x00000001261b4a00):  JavaThread "InvokeLaterDispatcher" daemon [_thread_in_native, id=28175, stack(0x000000016d8cc000,0x000000016dacf000)]

Stack: [0x000000016d8cc000,0x000000016dacf000],  sp=0x000000016dace780,  free space=2057k
Native frames: (J=compiled Java code, j=interpreted, Vv=VM code, C=native code)
v  ~StubRoutines::SafeFetchN
V  [libjvm.dylib+0x7a6bcc]  _ZN10OopStorage7releaseEPKP7oopDesc+0x20
V  [libjvm.dylib+0x4ba824]  jni_DeleteGlobalRef+0xd8
C  [libglass.dylib+0xa880]  -[GlassRunnable dealloc]+0x34
C  [Foundation+0x84c7c]  -[_NSThreadPerformInfo dealloc]+0x30
C  [Foundation+0x51578]  -[NSObject(NSThreadPerformAdditions) performSelectorOnMainThread:withObject:waitUntilDone:]+0x88
C  0x305780010e9918ac
j  com.sun.glass.ui.mac.MacApplication.submitForLaterInvocation(Ljava/lang/Runnable;)V+2 javafx.graphics
j  com.sun.glass.ui.InvokeLaterDispatcher.run()V+82 javafx.graphics
v  ~StubRoutines::call_stub
V  [libjvm.dylib+0x461d08]  _ZN9JavaCalls11call_helperEP9JavaValueRK12methodHandleP17JavaCallArgumentsP10JavaThread+0x38c
V  [libjvm.dylib+0x460d24]  _ZN9JavaCalls12call_virtualEP9JavaValueP5KlassP6SymbolS5_P17JavaCallArgumentsP10JavaThread+0x11c
V  [libjvm.dylib+0x460df0]  _ZN9JavaCalls12call_virtualEP9JavaValue6HandleP5KlassP6SymbolS6_P10JavaThread+0x64
V  [libjvm.dylib+0x515f04]  _ZL12thread_entryP10JavaThreadS0_+0xc4
V  [libjvm.dylib+0x9071ac]  _ZN10JavaThread17thread_main_innerEv+0x13c
V  [libjvm.dylib+0x9058c0]  _ZN6Thread8call_runEv+0x128
V  [libjvm.dylib+0x7ad7c8]  _ZL19thread_native_entryP6Thread+0x158
C  [libsystem_pthread.dylib+0x7240]  _pthread_start+0x94

Java frames: (J=compiled Java code, j=interpreted, Vv=VM code)
j  com.sun.glass.ui.mac.MacApplication._submitForLaterInvocation(Ljava/lang/Runnable;)V+0 javafx.graphics
j  com.sun.glass.ui.mac.MacApplication.submitForLaterInvocation(Ljava/lang/Runnable;)V+2 javafx.graphics
j  com.sun.glass.ui.InvokeLaterDispatcher.run()V+82 javafx.graphics
v  ~StubRoutines::call_stub

siginfo: si_signo: 10 (SIGBUS), si_code: 1 (BUS_ADRALN), si_addr: 0x000000010e9894f0

Register to memory mapping:

 x0=0x0000000125e0e188 is a global jni handle
 x1=0x0 is NULL
 x2=0x000000070e29fa90 is an oop: com.sun.glass.ui.InvokeLaterDispatcher$Future 
{0x000000070e29fa90} - klass: 'com/sun/glass/ui/InvokeLaterDispatcher$Future'
 - ---- fields (total size 3 words):
 - private 'done' 'Z' @12  true
 - private final 'runnable' 'Ljava/lang/Runnable;' @16  a 'com/sun/javafx/tk/quantum/QuantumToolkit$$Lambda$85+0x0000000800c39d00'{0x000000070e81dc88} (e1d03b91)
 - final synthetic 'this$0' 'Lcom/sun/glass/ui/InvokeLaterDispatcher;' @20  a 'com/sun/glass/ui/InvokeLaterDispatcher'{0x000000070e800a70} (e1d0014e)
 x3=0x0 is NULL
 x4=0x00000000000130a8 is an unknown value
 x5=0x0 is NULL
 x6=0x0 is NULL
 x7=0x0 is NULL
 x8=0x000000010e9894ec is at begin+0 in a stub
StubRoutines::SafeFetchN [0x000000010e9894ec, 0x000000010e9894f8] (12 bytes)
 x9=0x0 is NULL
x10=0x2010000030300000 is an unknown value
x11=0x0000000000000007 is an unknown value
x12=0x0 is NULL
x13=0x0000600001018970 points into unknown readable memory: 0x65626d654d2f656b | 6b 65 2f 4d 65 6d 62 65
x14=0x0000000000000001 is an unknown value
x15=0x0000000124bc5f98: OBJC_CLASS_$_GlassRunnable+0 in /Users/ray/.openjfx/cache/17-ea/libglass.dylib at 0x0000000124b80000
x16=0x00000001c5090094: pthread_getspecific+0 in /usr/lib/system/libsystem_pthread.dylib at 0x00000001c508e000
x17=0x0000600001a11fe0 points into unknown readable memory: 0xfffffffffffffffe | fe ff ff ff ff ff ff ff
x18=0x0 is NULL
x19=0x0000600001531ab0 points into unknown readable memory: 0x0000600003c35a70 | 70 5a c3 03 00 60 00 00
x20=0x0000000125e0df80 points into unknown readable memory: 0x0000000000000000 | 00 00 00 00 00 00 00 00
x21=0x0000000125e0e188 is a global jni handle
x22=0x00000001261b4a00 is a thread
x23=0x0000000000000001 is an unknown value
x24=0x0000000125e0e140 is a global jni handle
x25=0x0000000106e495e8: _ZN12StubRoutines17_safefetchN_entryE+0 in /Users/ray/Library/Java/JavaVirtualMachines/openjdk-17.0.2/Contents/Home/lib/server/libjvm.dylib at 0x0000000106298000
x26=0x0000000127919058 is pointing into metadata
x27=0x0 is NULL
x28=0x00000001261b4a00 is a thread


Registers:
 x0=0x0000000125e0e188  x1=0x0000000000000000  x2=0x000000070e29fa90  x3=0x0000000000000000
 x4=0x00000000000130a8  x5=0x0000000000000000  x6=0x0000000000000000  x7=0x0000000000000000
 x8=0x000000010e9894ec  x9=0x0000000000000000 x10=0x2010000030300000 x11=0x0000000000000007
x12=0x0000000000000000 x13=0x0000600001018970 x14=0x0000000000000001 x15=0x0000000124bc5f98
x16=0x00000001c5090094 x17=0x0000600001a11fe0 x18=0x0000000000000000 x19=0x0000600001531ab0
x20=0x0000000125e0df80 x21=0x0000000125e0e188 x22=0x00000001261b4a00 x23=0x0000000000000001
x24=0x0000000125e0e140 x25=0x0000000106e495e8 x26=0x0000000127919058 x27=0x0000000000000000
x28=0x00000001261b4a00  fp=0x000000016dace7c0  lr=0x0000000106a3d99c  sp=0x000000016dace780
pc=0x000000010e9894f0 cpsr=0x0000000060001000
Top of Stack: (sp=0x000000016dace780)
0x000000016dace780:   0000000127919058 0000000000000001
0x000000016dace790:   000000016dace988 0000000000000000
0x000000016dace7a0:   00000001261b18a8 0000000125e0e170
0x000000016dace7b0:   0000000125e0e170 0000600001531ab0
0x000000016dace7c0:   000000016dace800 0000000106a3ebcc
0x000000016dace7d0:   0000000000000001 0000000125e0e170
0x000000016dace7e0:   00000001261b18a8 0000000125e0e170
0x000000016dace7f0:   0000000000000001 00000001261b1600
0x000000016dace800:   000000016dace840 0000000106752824
0x000000016dace810:   000000016dace988 0000600003c89900
0x000000016dace820:   0000600003c898e0 000000020f5c0474
0x000000016dace830:   0000000000000000 0000600003c898e0
0x000000016dace840:   000000016dace870 0000000124b8a880
0x000000016dace850:   f3b4a0eb9f3d0037 0000000000000000
0x000000016dace860:   0000000000000000 0000600002bae8c0
0x000000016dace870:   000000016dace8b0 00000001c6054c7c
0x000000016dace880:   000000016dace988 0000600003c89900
0x000000016dace890:   0000600003c898e0 f3b4a0eb9f3d0037
0x000000016dace8a0:   0000000000000000 0000000000000000
0x000000016dace8b0:   000000016dace8f0 9f6b0001c6021578
0x000000016dace8c0:   000000016dace988 000000010e9907c0
0x000000016dace8d0:   0000000000000000 0000000106e50fa8
0x000000016dace8e0:   000000016dace900 000000010e98f730
0x000000016dace8f0:   000000016dace960 305780010e9918ac
0x000000016dace900:   000000016dace900 000000080098b325
0x000000016dace910:   000000016dace910 0000000000000000
0x000000016dace920:   000000016dace988 0000000127919058
0x000000016dace930:   000000070e81c718 0000000000000000
0x000000016dace940:   0000000000000000 00000001278f2260
0x000000016dace950:   0000000000000000 000000016dace960
0x000000016dace960:   000000016dace9e0 000000010e98dfc8
0x000000016dace970:   0000000000000000 0000000000000000 

Instructions: (pc=0x000000010e9894f0)
0x000000010e9893f0:   f2a0dc29 f2c00029 6d425935 1e640886
0x000000010e989400:   0c402d31 1e6408c7 1f5654d0 1e6c1017
0x000000010e989410:   1f5050d0 1f504cd0 1f5048d0 1e650af6
0x000000010e989420:   1f50d8f6 1f5694d6 1f5158f6 1e762880
0x000000010e989430:   36000501 1e614000 14000026 2e251ca5
0x000000010e989440:   d28c3009 f2a0dc29 f2c00029 6d425d36
0x000000010e989450:   1e600806 0c402d32 1f5758c7 1e6c101a
0x000000010e989460:   1f4754c7 1e650805 1f4750c7 d2866668
0x000000010e989470:   f2a7fa68 1f474cc7 1e6608c0 1f4748c7
0x000000010e989480:   1e6e1019 eb08007f 540000ac 1f479400
0x000000010e989490:   1f460340 1e603b20 1400000e d2a7fd29
0x000000010e9894a0:   eb09007f 540000ac 51480069 d3607d29
0x000000010e9894b0:   9e670121 14000002 1e6a5001 1f679417
0x000000010e9894c0:   1f668742 1e613b23 1e773857 1e773860
0x000000010e9894d0:   a8c17ff3 910003bf a8c17bfd d65f03c0
0x000000010e9894e0:   b9400001 aa0103e0 d65f03c0 f9400001
0x000000010e9894f0:   aa0103e0 d65f03c0 00000000 00000000
0x000000010e989500:   00000000 00000000 00000000 00000000
0x000000010e989510:   00000000 00000000 00000000 00000000
0x000000010e989520:   00000000 00000000 00000000 00000000
0x000000010e989530:   00000000 00000000 00000000 00000000
0x000000010e989540:   00000000 00000000 00000000 00000000
0x000000010e989550:   00000000 00000000 00000000 00000000
0x000000010e989560:   00000000 00000000 00000000 00000000
0x000000010e989570:   00000000 00000000 00000000 00000000
0x000000010e989580:   00000000 00000000 00000000 00000000
0x000000010e989590:   00000000 00000000 00000000 00000000
0x000000010e9895a0:   00000000 00000000 00000000 00000000
0x000000010e9895b0:   00000000 00000000 00000000 00000000
0x000000010e9895c0:   00000000 00000000 00000000 00000000
0x000000010e9895d0:   00000000 00000000 00000000 00000000
0x000000010e9895e0:   00000000 00000000 00000000 00000000 


Stack slot to memory mapping:
stack at sp + 0 slots: 0x0000000127919058 is pointing into metadata
stack at sp + 1 slots: 0x0000000000000001 is an unknown value
stack at sp + 2 slots: 0x000000016dace988 is pointing into the stack for thread: 0x00000001261b4a00
stack at sp + 3 slots: 0x0 is NULL
stack at sp + 4 slots: 0x00000001261b18a8 points into unknown readable memory: 0x0000000106e06738 | 38 67 e0 06 01 00 00 00
stack at sp + 5 slots: 0x0000000125e0e170 is a global jni handle
stack at sp + 6 slots: 0x0000000125e0e170 is a global jni handle
stack at sp + 7 slots: 0x0000600001531ab0 points into unknown readable memory: 0x0000600003c35a70 | 70 5a c3 03 00 60 00 00

StubRoutines::SafeFetchN [0x000000010e9894ec, 0x000000010e9894f8] (12 bytes)
[MachCode]
  0x000000010e9894ec: 0100 40f9 | e003 01aa | c003 5fd6 
[/MachCode]

---------------  P R O C E S S  ---------------

Threads class SMR info:
_java_thread_list=0x0000600003e86920, length=19, elements={
0x000000012600d600, 0x0000000126051200, 0x00000001250be400, 0x0000000126054800,
0x0000000126057000, 0x0000000126057600, 0x000000012605a200, 0x000000012605a800,
0x000000012605ae00, 0x0000000137008c00, 0x0000000137054e00, 0x0000000137055400,
0x000000012605dc00, 0x00000001261b4a00, 0x00000001261b1600, 0x00000001370c2600,
0x0000000136842400, 0x00000001261de800, 0x00000001262f6200
}

Java Threads: ( => current thread )
  0x000000012600d600 JavaThread "main" [_thread_blocked, id=9731, stack(0x000000016aec4000,0x000000016b0c7000)]
  0x0000000126051200 JavaThread "Reference Handler" daemon [_thread_blocked, id=17667, stack(0x000000016bd18000,0x000000016bf1b000)]
  0x00000001250be400 JavaThread "Finalizer" daemon [_thread_blocked, id=16643, stack(0x000000016bf24000,0x000000016c127000)]
  0x0000000126054800 JavaThread "Signal Dispatcher" daemon [_thread_blocked, id=23043, stack(0x000000016c248000,0x000000016c44b000)]
  0x0000000126057000 JavaThread "Service Thread" daemon [_thread_blocked, id=42243, stack(0x000000016c454000,0x000000016c657000)]
  0x0000000126057600 JavaThread "Monitor Deflation Thread" daemon [_thread_blocked, id=41731, stack(0x000000016c660000,0x000000016c863000)]
  0x000000012605a200 JavaThread "C2 CompilerThread0" daemon [_thread_blocked, id=41219, stack(0x000000016c86c000,0x000000016ca6f000)]
  0x000000012605a800 JavaThread "C1 CompilerThread0" daemon [_thread_blocked, id=40707, stack(0x000000016ca78000,0x000000016cc7b000)]
  0x000000012605ae00 JavaThread "Sweeper thread" daemon [_thread_blocked, id=40195, stack(0x000000016cc84000,0x000000016ce87000)]
  0x0000000137008c00 JavaThread "Common-Cleaner" daemon [_thread_blocked, id=23555, stack(0x000000016ce90000,0x000000016d093000)]
  0x0000000137054e00 JavaThread "Monitor Ctrl-Break" daemon [_thread_in_native, id=39939, stack(0x000000016d09c000,0x000000016d29f000)]
  0x0000000137055400 JavaThread "Notification Thread" daemon [_thread_blocked, id=39683, stack(0x000000016d2a8000,0x000000016d4ab000)]
  0x000000012605dc00 JavaThread "QuantumRenderer-0" daemon [_thread_blocked, id=24323, stack(0x000000016d6c0000,0x000000016d8c3000)]
=>0x00000001261b4a00 JavaThread "InvokeLaterDispatcher" daemon [_thread_in_native, id=28175, stack(0x000000016d8cc000,0x000000016dacf000)]
  0x00000001261b1600 JavaThread "JavaFX Application Thread" [_thread_in_vm, id=259, stack(0x000000016a63c000,0x000000016ae38000)]
  0x00000001370c2600 JavaThread "PulseTimer-CVDisplayLink thread" daemon [_thread_in_native, id=77323, stack(0x000000016dad8000,0x000000016db5b000)]
  0x0000000136842400 JavaThread "JavaFX-Launcher" [_thread_blocked, id=50695, stack(0x000000016ddfc000,0x000000016dfff000)]
  0x00000001261de800 JavaThread "Prism Font Disposer" daemon [_thread_blocked, id=70271, stack(0x000000016ea44000,0x000000016ec47000)]
  0x00000001262f6200 JavaThread "Cleaner-0" daemon [_thread_blocked, id=50983, stack(0x000000016ec50000,0x000000016ee53000)]

Other Threads:
  0x0000000125e0bb20 VMThread "VM Thread" [stack: 0x000000016bb0c000,0x000000016bd0f000] [id=15619]
  0x0000000106004410 WatcherThread [stack: 0x000000016d4b4000,0x000000016d6b7000] [id=39171]
  0x0000000125e09310 GCTaskThread "GC Thread#0" [stack: 0x000000016b0d0000,0x000000016b2d3000] [id=12291]
  0x0000000124a1d960 GCTaskThread "GC Thread#1" [stack: 0x000000016e008000,0x000000016e20b000] [id=73219]
  0x0000000124a1dde0 GCTaskThread "GC Thread#2" [stack: 0x000000016e214000,0x000000016e417000] [id=72707]
  0x0000000124a1e650 GCTaskThread "GC Thread#3" [stack: 0x000000016e420000,0x000000016e623000] [id=54019]
  0x0000000124a1eec0 GCTaskThread "GC Thread#4" [stack: 0x000000016e62c000,0x000000016e82f000] [id=54275]
  0x000000010611e390 GCTaskThread "GC Thread#5" [stack: 0x000000016e838000,0x000000016ea3b000] [id=72195]
  0x00000001270042b0 ConcurrentGCThread "G1 Main Marker" [stack: 0x000000016b2dc000,0x000000016b4df000] [id=12803]
  0x0000000125f04240 ConcurrentGCThread "G1 Conc#0" [stack: 0x000000016b4e8000,0x000000016b6eb000] [id=13571]
  0x0000000125f05f70 ConcurrentGCThread "G1 Refine#0" [stack: 0x000000016b6f4000,0x000000016b8f7000] [id=19459]
  0x0000000125f06810 ConcurrentGCThread "G1 Service" [stack: 0x000000016b900000,0x000000016bb03000] [id=18947]

Threads with active compile tasks:

VM state: not at safepoint (normal execution)

VM Mutex/Monitor currently owned by a thread: None

Heap address: 0x0000000700000000, size: 4096 MB, Compressed Oops mode: Zero based, Oop shift amount: 3

CDS archive(s) mapped at: [0x0000000800000000-0x0000000800bd4000-0x0000000800bd4000), size 12402688, SharedBaseAddress: 0x0000000800000000, ArchiveRelocationMode: 0.
Compressed class space mapped at: 0x0000000800c00000-0x0000000840c00000, reserved size: 1073741824
Narrow klass base: 0x0000000800000000, Narrow klass shift: 0, Narrow klass range: 0x100000000

GC Precious Log:
 CPUs: 8 total, 8 available
 Memory: 16384M
 Large Page Support: Disabled
 NUMA Support: Disabled
 Compressed Oops: Enabled (Zero based)
 Heap Region Size: 2M
 Heap Min Capacity: 8M
 Heap Initial Capacity: 256M
 Heap Max Capacity: 4G
 Pre-touch: Disabled
 Parallel Workers: 8
 Concurrent Workers: 2
 Concurrent Refinement Workers: 8
 Periodic GC: Disabled

Heap:
 garbage-first heap   total 266240K, used 31747K [0x0000000700000000, 0x0000000800000000)
  region size 2048K, 15 young (30720K), 2 survivors (4096K)
 Metaspace       used 12355K, committed 12544K, reserved 1064960K
  class space    used 1903K, committed 1984K, reserved 1048576K

Heap Regions: E=young(eden), S=young(survivor), O=old, HS=humongous(starts), HC=humongous(continues), CS=collection set, F=free, OA=open archive, CA=closed archive, TAMS=top-at-mark-start (previous, next)
|   0|0x0000000700000000, 0x0000000700200000, 0x0000000700200000|100%|HS|  |TAMS 0x0000000700000000, 0x0000000700000000| Complete 
|   1|0x0000000700200000, 0x0000000700200000, 0x0000000700400000|  0%| F|  |TAMS 0x0000000700200000, 0x0000000700200000| Untracked 
|   2|0x0000000700400000, 0x0000000700400000, 0x0000000700600000|  0%| F|  |TAMS 0x0000000700400000, 0x0000000700400000| Untracked 
|   3|0x0000000700600000, 0x0000000700600000, 0x0000000700800000|  0%| F|  |TAMS 0x0000000700600000, 0x0000000700600000| Untracked 
|   4|0x0000000700800000, 0x0000000700800000, 0x0000000700a00000|  0%| F|  |TAMS 0x0000000700800000, 0x0000000700800000| Untracked 
|   5|0x0000000700a00000, 0x0000000700a00000, 0x0000000700c00000|  0%| F|  |TAMS 0x0000000700a00000, 0x0000000700a00000| Untracked 
|   6|0x0000000700c00000, 0x0000000700c00000, 0x0000000700e00000|  0%| F|  |TAMS 0x0000000700c00000, 0x0000000700c00000| Untracked 
|   7|0x0000000700e00000, 0x0000000700e00000, 0x0000000701000000|  0%| F|  |TAMS 0x0000000700e00000, 0x0000000700e00000| Untracked 
|   8|0x0000000701000000, 0x0000000701000000, 0x0000000701200000|  0%| F|  |TAMS 0x0000000701000000, 0x0000000701000000| Untracked 
|   9|0x0000000701200000, 0x0000000701200000, 0x0000000701400000|  0%| F|  |TAMS 0x0000000701200000, 0x0000000701200000| Untracked 
|  10|0x0000000701400000, 0x0000000701400000, 0x0000000701600000|  0%| F|  |TAMS 0x0000000701400000, 0x0000000701400000| Untracked 
|  11|0x0000000701600000, 0x0000000701600000, 0x0000000701800000|  0%| F|  |TAMS 0x0000000701600000, 0x0000000701600000| Untracked 
|  12|0x0000000701800000, 0x0000000701800000, 0x0000000701a00000|  0%| F|  |TAMS 0x0000000701800000, 0x0000000701800000| Untracked 
|  13|0x0000000701a00000, 0x0000000701a00000, 0x0000000701c00000|  0%| F|  |TAMS 0x0000000701a00000, 0x0000000701a00000| Untracked 
|  14|0x0000000701c00000, 0x0000000701c00000, 0x0000000701e00000|  0%| F|  |TAMS 0x0000000701c00000, 0x0000000701c00000| Untracked 
|  15|0x0000000701e00000, 0x0000000701e00000, 0x0000000702000000|  0%| F|  |TAMS 0x0000000701e00000, 0x0000000701e00000| Untracked 
|  16|0x0000000702000000, 0x0000000702000000, 0x0000000702200000|  0%| F|  |TAMS 0x0000000702000000, 0x0000000702000000| Untracked 
|  17|0x0000000702200000, 0x0000000702200000, 0x0000000702400000|  0%| F|  |TAMS 0x0000000702200000, 0x0000000702200000| Untracked 
|  18|0x0000000702400000, 0x0000000702400000, 0x0000000702600000|  0%| F|  |TAMS 0x0000000702400000, 0x0000000702400000| Untracked 
|  19|0x0000000702600000, 0x0000000702600000, 0x0000000702800000|  0%| F|  |TAMS 0x0000000702600000, 0x0000000702600000| Untracked 
|  20|0x0000000702800000, 0x0000000702800000, 0x0000000702a00000|  0%| F|  |TAMS 0x0000000702800000, 0x0000000702800000| Untracked 
|  21|0x0000000702a00000, 0x0000000702a00000, 0x0000000702c00000|  0%| F|  |TAMS 0x0000000702a00000, 0x0000000702a00000| Untracked 
|  22|0x0000000702c00000, 0x0000000702c00000, 0x0000000702e00000|  0%| F|  |TAMS 0x0000000702c00000, 0x0000000702c00000| Untracked 
|  23|0x0000000702e00000, 0x0000000702e00000, 0x0000000703000000|  0%| F|  |TAMS 0x0000000702e00000, 0x0000000702e00000| Untracked 
|  24|0x0000000703000000, 0x0000000703000000, 0x0000000703200000|  0%| F|  |TAMS 0x0000000703000000, 0x0000000703000000| Untracked 
|  25|0x0000000703200000, 0x0000000703200000, 0x0000000703400000|  0%| F|  |TAMS 0x0000000703200000, 0x0000000703200000| Untracked 
|  26|0x0000000703400000, 0x0000000703400000, 0x0000000703600000|  0%| F|  |TAMS 0x0000000703400000, 0x0000000703400000| Untracked 
|  27|0x0000000703600000, 0x0000000703600000, 0x0000000703800000|  0%| F|  |TAMS 0x0000000703600000, 0x0000000703600000| Untracked 
|  28|0x0000000703800000, 0x0000000703800000, 0x0000000703a00000|  0%| F|  |TAMS 0x0000000703800000, 0x0000000703800000| Untracked 
|  29|0x0000000703a00000, 0x0000000703a00000, 0x0000000703c00000|  0%| F|  |TAMS 0x0000000703a00000, 0x0000000703a00000| Untracked 
|  30|0x0000000703c00000, 0x0000000703c00000, 0x0000000703e00000|  0%| F|  |TAMS 0x0000000703c00000, 0x0000000703c00000| Untracked 
|  31|0x0000000703e00000, 0x0000000703e00000, 0x0000000704000000|  0%| F|  |TAMS 0x0000000703e00000, 0x0000000703e00000| Untracked 
|  32|0x0000000704000000, 0x0000000704000000, 0x0000000704200000|  0%| F|  |TAMS 0x0000000704000000, 0x0000000704000000| Untracked 
|  33|0x0000000704200000, 0x0000000704200000, 0x0000000704400000|  0%| F|  |TAMS 0x0000000704200000, 0x0000000704200000| Untracked 
|  34|0x0000000704400000, 0x0000000704400000, 0x0000000704600000|  0%| F|  |TAMS 0x0000000704400000, 0x0000000704400000| Untracked 
|  35|0x0000000704600000, 0x0000000704600000, 0x0000000704800000|  0%| F|  |TAMS 0x0000000704600000, 0x0000000704600000| Untracked 
|  36|0x0000000704800000, 0x0000000704800000, 0x0000000704a00000|  0%| F|  |TAMS 0x0000000704800000, 0x0000000704800000| Untracked 
|  37|0x0000000704a00000, 0x0000000704a00000, 0x0000000704c00000|  0%| F|  |TAMS 0x0000000704a00000, 0x0000000704a00000| Untracked 
|  38|0x0000000704c00000, 0x0000000704c00000, 0x0000000704e00000|  0%| F|  |TAMS 0x0000000704c00000, 0x0000000704c00000| Untracked 
|  39|0x0000000704e00000, 0x0000000704e00000, 0x0000000705000000|  0%| F|  |TAMS 0x0000000704e00000, 0x0000000704e00000| Untracked 
|  40|0x0000000705000000, 0x0000000705000000, 0x0000000705200000|  0%| F|  |TAMS 0x0000000705000000, 0x0000000705000000| Untracked 
|  41|0x0000000705200000, 0x0000000705200000, 0x0000000705400000|  0%| F|  |TAMS 0x0000000705200000, 0x0000000705200000| Untracked 
|  42|0x0000000705400000, 0x0000000705400000, 0x0000000705600000|  0%| F|  |TAMS 0x0000000705400000, 0x0000000705400000| Untracked 
|  43|0x0000000705600000, 0x0000000705600000, 0x0000000705800000|  0%| F|  |TAMS 0x0000000705600000, 0x0000000705600000| Untracked 
|  44|0x0000000705800000, 0x0000000705800000, 0x0000000705a00000|  0%| F|  |TAMS 0x0000000705800000, 0x0000000705800000| Untracked 
|  45|0x0000000705a00000, 0x0000000705a00000, 0x0000000705c00000|  0%| F|  |TAMS 0x0000000705a00000, 0x0000000705a00000| Untracked 
|  46|0x0000000705c00000, 0x0000000705c00000, 0x0000000705e00000|  0%| F|  |TAMS 0x0000000705c00000, 0x0000000705c00000| Untracked 
|  47|0x0000000705e00000, 0x0000000705e00000, 0x0000000706000000|  0%| F|  |TAMS 0x0000000705e00000, 0x0000000705e00000| Untracked 
|  48|0x0000000706000000, 0x0000000706000000, 0x0000000706200000|  0%| F|  |TAMS 0x0000000706000000, 0x0000000706000000| Untracked 
|  49|0x0000000706200000, 0x0000000706200000, 0x0000000706400000|  0%| F|  |TAMS 0x0000000706200000, 0x0000000706200000| Untracked 
|  50|0x0000000706400000, 0x0000000706400000, 0x0000000706600000|  0%| F|  |TAMS 0x0000000706400000, 0x0000000706400000| Untracked 
|  51|0x0000000706600000, 0x0000000706600000, 0x0000000706800000|  0%| F|  |TAMS 0x0000000706600000, 0x0000000706600000| Untracked 
|  52|0x0000000706800000, 0x0000000706800000, 0x0000000706a00000|  0%| F|  |TAMS 0x0000000706800000, 0x0000000706800000| Untracked 
|  53|0x0000000706a00000, 0x0000000706a00000, 0x0000000706c00000|  0%| F|  |TAMS 0x0000000706a00000, 0x0000000706a00000| Untracked 
|  54|0x0000000706c00000, 0x0000000706c00000, 0x0000000706e00000|  0%| F|  |TAMS 0x0000000706c00000, 0x0000000706c00000| Untracked 
|  55|0x0000000706e00000, 0x0000000706e00000, 0x0000000707000000|  0%| F|  |TAMS 0x0000000706e00000, 0x0000000706e00000| Untracked 
|  56|0x0000000707000000, 0x0000000707000000, 0x0000000707200000|  0%| F|  |TAMS 0x0000000707000000, 0x0000000707000000| Untracked 
|  57|0x0000000707200000, 0x0000000707200000, 0x0000000707400000|  0%| F|  |TAMS 0x0000000707200000, 0x0000000707200000| Untracked 
|  58|0x0000000707400000, 0x0000000707400000, 0x0000000707600000|  0%| F|  |TAMS 0x0000000707400000, 0x0000000707400000| Untracked 
|  59|0x0000000707600000, 0x0000000707600000, 0x0000000707800000|  0%| F|  |TAMS 0x0000000707600000, 0x0000000707600000| Untracked 
|  60|0x0000000707800000, 0x0000000707800000, 0x0000000707a00000|  0%| F|  |TAMS 0x0000000707800000, 0x0000000707800000| Untracked 
|  61|0x0000000707a00000, 0x0000000707a00000, 0x0000000707c00000|  0%| F|  |TAMS 0x0000000707a00000, 0x0000000707a00000| Untracked 
|  62|0x0000000707c00000, 0x0000000707c00000, 0x0000000707e00000|  0%| F|  |TAMS 0x0000000707c00000, 0x0000000707c00000| Untracked 
|  63|0x0000000707e00000, 0x0000000707e00000, 0x0000000708000000|  0%| F|  |TAMS 0x0000000707e00000, 0x0000000707e00000| Untracked 
|  64|0x0000000708000000, 0x0000000708000000, 0x0000000708200000|  0%| F|  |TAMS 0x0000000708000000, 0x0000000708000000| Untracked 
|  65|0x0000000708200000, 0x0000000708200000, 0x0000000708400000|  0%| F|  |TAMS 0x0000000708200000, 0x0000000708200000| Untracked 
|  66|0x0000000708400000, 0x0000000708400000, 0x0000000708600000|  0%| F|  |TAMS 0x0000000708400000, 0x0000000708400000| Untracked 
|  67|0x0000000708600000, 0x0000000708600000, 0x0000000708800000|  0%| F|  |TAMS 0x0000000708600000, 0x0000000708600000| Untracked 
|  68|0x0000000708800000, 0x0000000708800000, 0x0000000708a00000|  0%| F|  |TAMS 0x0000000708800000, 0x0000000708800000| Untracked 
|  69|0x0000000708a00000, 0x0000000708a00000, 0x0000000708c00000|  0%| F|  |TAMS 0x0000000708a00000, 0x0000000708a00000| Untracked 
|  70|0x0000000708c00000, 0x0000000708c00000, 0x0000000708e00000|  0%| F|  |TAMS 0x0000000708c00000, 0x0000000708c00000| Untracked 
|  71|0x0000000708e00000, 0x0000000708e00000, 0x0000000709000000|  0%| F|  |TAMS 0x0000000708e00000, 0x0000000708e00000| Untracked 
|  72|0x0000000709000000, 0x0000000709000000, 0x0000000709200000|  0%| F|  |TAMS 0x0000000709000000, 0x0000000709000000| Untracked 
|  73|0x0000000709200000, 0x0000000709200000, 0x0000000709400000|  0%| F|  |TAMS 0x0000000709200000, 0x0000000709200000| Untracked 
|  74|0x0000000709400000, 0x0000000709400000, 0x0000000709600000|  0%| F|  |TAMS 0x0000000709400000, 0x0000000709400000| Untracked 
|  75|0x0000000709600000, 0x0000000709600000, 0x0000000709800000|  0%| F|  |TAMS 0x0000000709600000, 0x0000000709600000| Untracked 
|  76|0x0000000709800000, 0x0000000709800000, 0x0000000709a00000|  0%| F|  |TAMS 0x0000000709800000, 0x0000000709800000| Untracked 
|  77|0x0000000709a00000, 0x0000000709a00000, 0x0000000709c00000|  0%| F|  |TAMS 0x0000000709a00000, 0x0000000709a00000| Untracked 
|  78|0x0000000709c00000, 0x0000000709c00000, 0x0000000709e00000|  0%| F|  |TAMS 0x0000000709c00000, 0x0000000709c00000| Untracked 
|  79|0x0000000709e00000, 0x0000000709e00000, 0x000000070a000000|  0%| F|  |TAMS 0x0000000709e00000, 0x0000000709e00000| Untracked 
|  80|0x000000070a000000, 0x000000070a000000, 0x000000070a200000|  0%| F|  |TAMS 0x000000070a000000, 0x000000070a000000| Untracked 
|  81|0x000000070a200000, 0x000000070a200000, 0x000000070a400000|  0%| F|  |TAMS 0x000000070a200000, 0x000000070a200000| Untracked 
|  82|0x000000070a400000, 0x000000070a400000, 0x000000070a600000|  0%| F|  |TAMS 0x000000070a400000, 0x000000070a400000| Untracked 
|  83|0x000000070a600000, 0x000000070a600000, 0x000000070a800000|  0%| F|  |TAMS 0x000000070a600000, 0x000000070a600000| Untracked 
|  84|0x000000070a800000, 0x000000070a800000, 0x000000070aa00000|  0%| F|  |TAMS 0x000000070a800000, 0x000000070a800000| Untracked 
|  85|0x000000070aa00000, 0x000000070aa00000, 0x000000070ac00000|  0%| F|  |TAMS 0x000000070aa00000, 0x000000070aa00000| Untracked 
|  86|0x000000070ac00000, 0x000000070ac00000, 0x000000070ae00000|  0%| F|  |TAMS 0x000000070ac00000, 0x000000070ac00000| Untracked 
|  87|0x000000070ae00000, 0x000000070ae00000, 0x000000070b000000|  0%| F|  |TAMS 0x000000070ae00000, 0x000000070ae00000| Untracked 
|  88|0x000000070b000000, 0x000000070b000000, 0x000000070b200000|  0%| F|  |TAMS 0x000000070b000000, 0x000000070b000000| Untracked 
|  89|0x000000070b200000, 0x000000070b200000, 0x000000070b400000|  0%| F|  |TAMS 0x000000070b200000, 0x000000070b200000| Untracked 
|  90|0x000000070b400000, 0x000000070b400000, 0x000000070b600000|  0%| F|  |TAMS 0x000000070b400000, 0x000000070b400000| Untracked 
|  91|0x000000070b600000, 0x000000070b600000, 0x000000070b800000|  0%| F|  |TAMS 0x000000070b600000, 0x000000070b600000| Untracked 
|  92|0x000000070b800000, 0x000000070b800000, 0x000000070ba00000|  0%| F|  |TAMS 0x000000070b800000, 0x000000070b800000| Untracked 
|  93|0x000000070ba00000, 0x000000070ba00000, 0x000000070bc00000|  0%| F|  |TAMS 0x000000070ba00000, 0x000000070ba00000| Untracked 
|  94|0x000000070bc00000, 0x000000070bc00000, 0x000000070be00000|  0%| F|  |TAMS 0x000000070bc00000, 0x000000070bc00000| Untracked 
|  95|0x000000070be00000, 0x000000070be00000, 0x000000070c000000|  0%| F|  |TAMS 0x000000070be00000, 0x000000070be00000| Untracked 
|  96|0x000000070c000000, 0x000000070c000000, 0x000000070c200000|  0%| F|  |TAMS 0x000000070c000000, 0x000000070c000000| Untracked 
|  97|0x000000070c200000, 0x000000070c200000, 0x000000070c400000|  0%| F|  |TAMS 0x000000070c200000, 0x000000070c200000| Untracked 
|  98|0x000000070c400000, 0x000000070c400000, 0x000000070c600000|  0%| F|  |TAMS 0x000000070c400000, 0x000000070c400000| Untracked 
|  99|0x000000070c600000, 0x000000070c600000, 0x000000070c800000|  0%| F|  |TAMS 0x000000070c600000, 0x000000070c600000| Untracked 
| 100|0x000000070c800000, 0x000000070c800000, 0x000000070ca00000|  0%| F|  |TAMS 0x000000070c800000, 0x000000070c800000| Untracked 
| 101|0x000000070ca00000, 0x000000070ca00000, 0x000000070cc00000|  0%| F|  |TAMS 0x000000070ca00000, 0x000000070ca00000| Untracked 
| 102|0x000000070cc00000, 0x000000070cc00000, 0x000000070ce00000|  0%| F|  |TAMS 0x000000070cc00000, 0x000000070cc00000| Untracked 
| 103|0x000000070ce00000, 0x000000070ce00000, 0x000000070d000000|  0%| F|  |TAMS 0x000000070ce00000, 0x000000070ce00000| Untracked 
| 104|0x000000070d000000, 0x000000070d000000, 0x000000070d200000|  0%| F|  |TAMS 0x000000070d000000, 0x000000070d000000| Untracked 
| 105|0x000000070d200000, 0x000000070d200000, 0x000000070d400000|  0%| F|  |TAMS 0x000000070d200000, 0x000000070d200000| Untracked 
| 106|0x000000070d400000, 0x000000070d400000, 0x000000070d600000|  0%| F|  |TAMS 0x000000070d400000, 0x000000070d400000| Untracked 
| 107|0x000000070d600000, 0x000000070d600000, 0x000000070d800000|  0%| F|  |TAMS 0x000000070d600000, 0x000000070d600000| Untracked 
| 108|0x000000070d800000, 0x000000070d800000, 0x000000070da00000|  0%| F|  |TAMS 0x000000070d800000, 0x000000070d800000| Untracked 
| 109|0x000000070da00000, 0x000000070da00000, 0x000000070dc00000|  0%| F|  |TAMS 0x000000070da00000, 0x000000070da00000| Untracked 
| 110|0x000000070dc00000, 0x000000070dc00000, 0x000000070de00000|  0%| F|  |TAMS 0x000000070dc00000, 0x000000070dc00000| Untracked 
| 111|0x000000070de00000, 0x000000070de00000, 0x000000070e000000|  0%| F|  |TAMS 0x000000070de00000, 0x000000070de00000| Untracked 
| 112|0x000000070e000000, 0x000000070e000000, 0x000000070e200000|  0%| F|  |TAMS 0x000000070e000000, 0x000000070e000000| Untracked 
| 113|0x000000070e200000, 0x000000070e329d60, 0x000000070e400000| 58%| E|  |TAMS 0x000000070e200000, 0x000000070e200000| Complete 
| 114|0x000000070e400000, 0x000000070e600000, 0x000000070e600000|100%| E|CS|TAMS 0x000000070e400000, 0x000000070e400000| Complete 
| 115|0x000000070e600000, 0x000000070e708cd8, 0x000000070e800000| 51%| S|CS|TAMS 0x000000070e600000, 0x000000070e600000| Complete 
| 116|0x000000070e800000, 0x000000070ea00000, 0x000000070ea00000|100%| S|CS|TAMS 0x000000070e800000, 0x000000070e800000| Complete 
| 117|0x000000070ea00000, 0x000000070ec00000, 0x000000070ec00000|100%| E|CS|TAMS 0x000000070ea00000, 0x000000070ea00000| Complete 
| 118|0x000000070ec00000, 0x000000070ee00000, 0x000000070ee00000|100%| E|CS|TAMS 0x000000070ec00000, 0x000000070ec00000| Complete 
| 119|0x000000070ee00000, 0x000000070f000000, 0x000000070f000000|100%| E|CS|TAMS 0x000000070ee00000, 0x000000070ee00000| Complete 
| 120|0x000000070f000000, 0x000000070f200000, 0x000000070f200000|100%| E|CS|TAMS 0x000000070f000000, 0x000000070f000000| Complete 
| 121|0x000000070f200000, 0x000000070f400000, 0x000000070f400000|100%| E|CS|TAMS 0x000000070f200000, 0x000000070f200000| Complete 
| 122|0x000000070f400000, 0x000000070f600000, 0x000000070f600000|100%| E|CS|TAMS 0x000000070f400000, 0x000000070f400000| Complete 
| 123|0x000000070f600000, 0x000000070f800000, 0x000000070f800000|100%| E|CS|TAMS 0x000000070f600000, 0x000000070f600000| Complete 
| 124|0x000000070f800000, 0x000000070fa00000, 0x000000070fa00000|100%| E|CS|TAMS 0x000000070f800000, 0x000000070f800000| Complete 
| 125|0x000000070fa00000, 0x000000070fc00000, 0x000000070fc00000|100%| E|CS|TAMS 0x000000070fa00000, 0x000000070fa00000| Complete 
| 126|0x000000070fc00000, 0x000000070fe00000, 0x000000070fe00000|100%| E|CS|TAMS 0x000000070fc00000, 0x000000070fc00000| Complete 
| 127|0x000000070fe00000, 0x0000000710000000, 0x0000000710000000|100%| E|CS|TAMS 0x000000070fe00000, 0x000000070fe00000| Complete 
|2046|0x00000007ffc00000, 0x00000007ffd78000, 0x00000007ffe00000| 73%|OA|  |TAMS 0x00000007ffc00000, 0x00000007ffc00000| Untracked 
|2047|0x00000007ffe00000, 0x00000007ffe80000, 0x0000000800000000| 25%|CA|  |TAMS 0x00000007ffe00000, 0x00000007ffe00000| Untracked 

Card table byte_map: [0x000000011d988000,0x000000011e188000] _byte_map_base: 0x000000011a188000

Marking Bits (Prev, Next): (CMBitMap*) 0x0000000126808210, (CMBitMap*) 0x0000000126808250
 Prev Bits: [0x000000011e988000, 0x0000000122988000)
 Next Bits: [0x0000000130000000, 0x0000000134000000)

Polling page: 0x000000010514c000

Metaspace:

Usage:
  Non-class:     10.21 MB used.
      Class:      1.86 MB used.
       Both:     12.07 MB used.

Virtual space:
  Non-class space:       16.00 MB reserved,      10.31 MB ( 64%) committed,  2 nodes.
      Class space:        1.00 GB reserved,       1.94 MB ( <1%) committed,  1 nodes.
             Both:        1.02 GB reserved,      12.25 MB (  1%) committed. 

Chunk freelists:
   Non-Class:  656.00 KB
       Class:  1.91 MB
        Both:  2.55 MB

MaxMetaspaceSize: unlimited
CompressedClassSpaceSize: 1.00 GB
Initial GC threshold: 21.00 MB
Current GC threshold: 21.00 MB
CDS: on
MetaspaceReclaimPolicy: balanced
 - commit_granule_bytes: 65536.
 - commit_granule_words: 8192.
 - virtual_space_node_default_size: 1048576.
 - enlarge_chunks_in_place: 1.
 - new_chunks_are_fully_committed: 0.
 - uncommit_free_chunks: 1.
 - use_allocation_guard: 0.
 - handle_deallocations: 1.


Internal statistics:

num_allocs_failed_limit: 0.
num_arena_births: 144.
num_arena_deaths: 0.
num_vsnodes_births: 3.
num_vsnodes_deaths: 0.
num_space_committed: 196.
num_space_uncommitted: 0.
num_chunks_returned_to_freelist: 0.
num_chunks_taken_from_freelist: 532.
num_chunk_merges: 0.
num_chunk_splits: 376.
num_chunks_enlarged: 311.
num_purges: 0.
num_inconsistent_stats: 0.

CodeHeap 'non-profiled nmethods': size=120032Kb used=428Kb max_used=428Kb free=119603Kb
 bounds [0x0000000116450000, 0x00000001166c0000, 0x000000011d988000]
CodeHeap 'profiled nmethods': size=120016Kb used=2524Kb max_used=2524Kb free=117491Kb
 bounds [0x000000010ef1c000, 0x000000010f19c000, 0x0000000116450000]
CodeHeap 'non-nmethods': size=5712Kb used=1350Kb max_used=1381Kb free=4361Kb
 bounds [0x000000010e988000, 0x000000010ebf8000, 0x000000010ef1c000]
 total_blobs=2045 nmethods=1315 adapters=647
 compilation: enabled
              stopped_count=0, restarted_count=0
 full_count=0

Compilation events (20 events):
Event: 0.627 Thread 0x000000012605a800 1362       3       java.util.Arrays::fill (28 bytes)
Event: 0.627 Thread 0x000000012605a800 nmethod 1362 0x000000010f18e490 code [0x000000010f18e640, 0x000000010f18e898]
Event: 0.627 Thread 0x000000012605a800 1363       3       java.util.Arrays::rangeCheck (74 bytes)
Event: 0.628 Thread 0x000000012605a800 nmethod 1363 0x000000010f18ea10 code [0x000000010f18ed40, 0x000000010f18f838]
Event: 0.629 Thread 0x000000012605a800 1366       3       com.sun.marlin.MaskMarlinAlphaConsumer::setAndClearRelativeAlphas (263 bytes)
Event: 0.629 Thread 0x000000012605a800 nmethod 1366 0x000000010f18fd10 code [0x000000010f190000, 0x000000010f190d08]
Event: 0.629 Thread 0x000000012605a800 1367       3       com.sun.javafx.geom.transform.BaseTransform::almostZero (22 bytes)
Event: 0.629 Thread 0x000000012605a800 nmethod 1367 0x000000010f191490 code [0x000000010f191680, 0x000000010f191828]
Event: 0.629 Thread 0x000000012605a800 1368       1       java.util.concurrent.locks.AbstractOwnableSynchronizer::getExclusiveOwnerThread (5 bytes)
Event: 0.629 Thread 0x000000012605a800 nmethod 1368 0x00000001164ba810 code [0x00000001164ba980, 0x00000001164baa68]
Event: 0.644 Thread 0x000000012605a800 1369       3       javafx.scene.Scene::getRoot (22 bytes)
Event: 0.644 Thread 0x000000012605a800 nmethod 1369 0x000000010f191910 code [0x000000010f191b00, 0x000000010f192018]
Event: 0.644 Thread 0x000000012605a800 1370       1       java.util.concurrent.locks.AbstractOwnableSynchronizer::setExclusiveOwnerThread (6 bytes)
Event: 0.644 Thread 0x000000012605a800 nmethod 1370 0x00000001164bab10 code [0x00000001164bac80, 0x00000001164bade8]
Event: 0.677 Thread 0x000000012605a800 1371       1       java.util.concurrent.locks.AbstractQueuedSynchronizer::setState (6 bytes)
Event: 0.677 Thread 0x000000012605a800 nmethod 1371 0x00000001164bae90 code [0x00000001164bb000, 0x00000001164bb0e8]
Event: 0.811 Thread 0x000000012605a800 1372       3       java.security.AccessController::executePrivileged (65 bytes)
Event: 0.811 Thread 0x000000012605a800 nmethod 1372 0x000000010f192190 code [0x000000010f192380, 0x000000010f192708]
Event: 0.878 Thread 0x000000012605a800 1373       3       java.util.WeakHashMap$HashIterator::hasNext (95 bytes)
Event: 0.878 Thread 0x000000012605a800 nmethod 1373 0x000000010f192890 code [0x000000010f192a80, 0x000000010f193068]

GC Heap History (2 events):
Event: 0.358 GC heap before
{Heap before GC invocations=0 (full 0):
 garbage-first heap   total 266240K, used 24544K [0x0000000700000000, 0x0000000800000000)
  region size 2048K, 11 young (22528K), 0 survivors (0K)
 Metaspace       used 6306K, committed 6464K, reserved 1056768K
  class space    used 756K, committed 832K, reserved 1048576K
}
Event: 0.362 GC heap after
{Heap after GC invocations=1 (full 0):
 garbage-first heap   total 266240K, used 5123K [0x0000000700000000, 0x0000000800000000)
  region size 2048K, 2 young (4096K), 2 survivors (4096K)
 Metaspace       used 6306K, committed 6464K, reserved 1056768K
  class space    used 756K, committed 832K, reserved 1048576K
}

Deoptimization events (20 events):
Event: 0.525 Thread 0x00000001261b1600 Uncommon trap: trap_request=0xffffff45 fr.pc=0x00000001164633d8 relative=0x0000000000000198
Event: 0.525 Thread 0x00000001261b1600 Uncommon trap: reason=unstable_if action=reinterpret pc=0x00000001164633d8 method=java.lang.String.isLatin1()Z @ 10 c2
Event: 0.525 Thread 0x00000001261b1600 DEOPT PACKING pc=0x00000001164633d8 sp=0x000000016ae31fb0
Event: 0.525 Thread 0x00000001261b1600 DEOPT UNPACKING pc=0x000000010e9c6d1c sp=0x000000016ae31ee0 mode 2
Event: 0.555 Thread 0x00000001261b1600 Uncommon trap: trap_request=0xffffff45 fr.pc=0x0000000116493c5c relative=0x000000000000019c
Event: 0.555 Thread 0x00000001261b1600 Uncommon trap: reason=unstable_if action=reinterpret pc=0x0000000116493c5c method=java.io.ByteArrayInputStream.read()I @ 8 c2
Event: 0.555 Thread 0x00000001261b1600 DEOPT PACKING pc=0x0000000116493c5c sp=0x000000016ae317c0
Event: 0.555 Thread 0x00000001261b1600 DEOPT UNPACKING pc=0x000000010e9c6d1c sp=0x000000016ae31740 mode 2
Event: 0.557 Thread 0x00000001261b1600 Uncommon trap: trap_request=0xffffffc6 fr.pc=0x00000001164985e8 relative=0x0000000000000568
Event: 0.557 Thread 0x00000001261b1600 Uncommon trap: reason=bimorphic_or_optimized_type_check action=maybe_recompile pc=0x00000001164985e8 method=java.util.concurrent.ConcurrentHashMap.get(Ljava/lang/Object;)Ljava/lang/Object; @ 149 c2
Event: 0.557 Thread 0x00000001261b1600 DEOPT PACKING pc=0x00000001164985e8 sp=0x000000016ae320a0
Event: 0.557 Thread 0x00000001261b1600 DEOPT UNPACKING pc=0x000000010e9c6d1c sp=0x000000016ae32030 mode 2
Event: 0.557 Thread 0x00000001261b1600 Uncommon trap: trap_request=0xffffffc6 fr.pc=0x00000001164985e8 relative=0x0000000000000568
Event: 0.557 Thread 0x00000001261b1600 Uncommon trap: reason=bimorphic_or_optimized_type_check action=maybe_recompile pc=0x00000001164985e8 method=java.util.concurrent.ConcurrentHashMap.get(Ljava/lang/Object;)Ljava/lang/Object; @ 149 c2
Event: 0.557 Thread 0x00000001261b1600 DEOPT PACKING pc=0x00000001164985e8 sp=0x000000016ae31f90
Event: 0.557 Thread 0x00000001261b1600 DEOPT UNPACKING pc=0x000000010e9c6d1c sp=0x000000016ae31f20 mode 2
Event: 0.620 Thread 0x000000012605dc00 Uncommon trap: trap_request=0xffffffc6 fr.pc=0x00000001164985e8 relative=0x0000000000000568
Event: 0.620 Thread 0x000000012605dc00 Uncommon trap: reason=bimorphic_or_optimized_type_check action=maybe_recompile pc=0x00000001164985e8 method=java.util.concurrent.ConcurrentHashMap.get(Ljava/lang/Object;)Ljava/lang/Object; @ 149 c2
Event: 0.620 Thread 0x000000012605dc00 DEOPT PACKING pc=0x00000001164985e8 sp=0x000000016d8c13a0
Event: 0.620 Thread 0x000000012605dc00 DEOPT UNPACKING pc=0x000000010e9c6d1c sp=0x000000016d8c1330 mode 2

Classes unloaded (0 events):
No events

Classes redefined (0 events):
No events

Internal exceptions (20 events):
Event: 0.329 Thread 0x00000001261b1600 Exception <a 'java/lang/NoSuchMethodError'{0x000000070ec46860}: 'java.lang.Object java.lang.invoke.DirectMethodHandle$Holder.invokeStaticInit(java.lang.Object, java.lang.Object, java.lang.Object, java.lang.Object)'> (0x000000070ec46860) 
thrown [open/src/hotspot/share/interpreter/linkResolver.cpp, line 766]
Event: 0.330 Thread 0x00000001261b1600 Exception <a 'java/lang/NullPointerException'{0x000000070ec52320}> (0x000000070ec52320) 
thrown [open/src/hotspot/share/interpreter/linkResolver.cpp, line 1357]
Event: 0.377 Thread 0x00000001261b1600 Exception <a 'java/lang/NoSuchMethodError'{0x000000070fc3e528}: 'void java.lang.invoke.DirectMethodHandle$Holder.invokeStaticInit(java.lang.Object, java.lang.Object)'> (0x000000070fc3e528) 
thrown [open/src/hotspot/share/interpreter/linkResolver.cpp, line 766]
Event: 0.384 Thread 0x00000001261b1600 Exception <a 'java/lang/NoSuchMethodError'{0x000000070fd9c480}: 'void java.lang.invoke.DirectMethodHandle$Holder.invokeSpecial(java.lang.Object, java.lang.Object, java.lang.Object, java.lang.Object, java.lang.Object)'> (0x000000070fd9c480) 
thrown [open/src/hotspot/share/interpreter/linkResolver.cpp, line 766]
Event: 0.405 Thread 0x00000001261b1600 Exception <a 'sun/nio/fs/UnixException'{0x000000070f8d9170}> (0x000000070f8d9170) 
thrown [open/src/hotspot/share/prims/jni.cpp, line 516]
Event: 0.410 Thread 0x00000001261b1600 Implicit null exception at 0x000000011648c2f8 to 0x000000011648c388
Event: 0.414 Thread 0x00000001261b1600 Implicit null exception at 0x0000000116494e10 to 0x00000001164952cc
Event: 0.415 Thread 0x00000001261b1600 Implicit null exception at 0x00000001164911d0 to 0x000000011649164c
Event: 0.460 Thread 0x00000001261b1600 Exception <a 'java/lang/ClassNotFoundException'{0x000000070f32b1a8}: com/sun/javafx/scene/control/skin/resources/controls> (0x000000070f32b1a8) 
thrown [open/src/hotspot/share/prims/jni.cpp, line 535]
Event: 0.460 Thread 0x00000001261b1600 Exception <a 'java/lang/ClassNotFoundException'{0x000000070f338ca8}: com/sun/javafx/scene/control/skin/resources/controls_en> (0x000000070f338ca8) 
thrown [open/src/hotspot/share/prims/jni.cpp, line 535]
Event: 0.460 Thread 0x00000001261b1600 Exception <a 'java/lang/ClassNotFoundException'{0x000000070f339c40}: com/sun/javafx/scene/control/skin/resources/controls_en_US> (0x000000070f339c40) 
thrown [open/src/hotspot/share/prims/jni.cpp, line 535]
Event: 0.473 Thread 0x00000001261b1600 Exception <a 'java/lang/NoSuchMethodError'{0x000000070f0f7890}: 'void java.lang.invoke.DirectMethodHandle$Holder.invokeSpecial(java.lang.Object, java.lang.Object, java.lang.Object, java.lang.Object, java.lang.Object, java.lang.Object)'> (0x000000070f0f7890) 
thrown [open/src/hotspot/share/interpreter/linkResolver.cpp, line 766]
Event: 0.538 Thread 0x00000001261b1600 Exception <a 'java/lang/NoSuchMethodError'{0x000000070ec3f830}: 'java.lang.Object java.lang.invoke.DirectMethodHandle$Holder.invokeInterface(java.lang.Object, java.lang.Object, java.lang.Object)'> (0x000000070ec3f830) 
thrown [open/src/hotspot/share/interpreter/linkResolver.cpp, line 766]
Event: 0.538 Thread 0x00000001261b1600 Exception <a 'java/lang/IncompatibleClassChangeError'{0x000000070ec431b8}: Found class java.lang.Object, but interface was expected> (0x000000070ec431b8) 
thrown [open/src/hotspot/share/interpreter/linkResolver.cpp, line 833]
Event: 0.561 Thread 0x00000001261b1600 Exception <a 'java/lang/NoSuchMethodError'{0x000000070edf1118}: 'java.lang.Object java.lang.invoke.DirectMethodHandle$Holder.newInvokeSpecial(java.lang.Object, java.lang.Object, int)'> (0x000000070edf1118) 
thrown [open/src/hotspot/share/interpreter/linkResolver.cpp, line 766]
Event: 0.592 Thread 0x000000012605dc00 Exception <a 'java/lang/NoSuchMethodError'{0x000000070eb202c8}: 'int java.lang.invoke.DirectMethodHandle$Holder.invokeStaticInit(java.lang.Object, java.lang.Object)'> (0x000000070eb202c8) 
thrown [open/src/hotspot/share/interpreter/linkResolver.cpp, line 766]
Event: 0.595 Thread 0x00000001261b1600 Exception <a 'java/lang/NoSuchMethodError'{0x000000070ea58dd8}: 'long java.lang.invoke.DirectMethodHandle$Holder.invokeStatic(java.lang.Object, java.lang.Object, java.lang.Object)'> (0x000000070ea58dd8) 
thrown [open/src/hotspot/share/interpreter/linkResolver.cpp, line 766]
Event: 0.595 Thread 0x00000001261b1600 Exception <a 'java/lang/NoSuchMethodError'{0x000000070ea5c580}: 'long java.lang.invoke.DirectMethodHandle$Holder.invokeStaticInit(java.lang.Object, java.lang.Object, java.lang.Object)'> (0x000000070ea5c580) 
thrown [open/src/hotspot/share/interpreter/linkResolver.cpp, line 766]
Event: 0.595 Thread 0x00000001261b1600 Exception <a 'java/lang/NoSuchMethodError'{0x000000070ea74188}: 'java.lang.Object java.lang.invoke.DirectMethodHandle$Holder.newInvokeSpecial(java.lang.Object, java.lang.Object, long)'> (0x000000070ea74188) 
thrown [open/src/hotspot/share/interpreter/linkResolver.cpp, line 766]
Event: 0.596 Thread 0x00000001261b1600 Exception <a 'java/lang/NoSuchMethodError'{0x000000070ea77a50}: 'java.lang.Object java.lang.invoke.Invokers$Holder.linkToTargetMethod(java.lang.Object, long, java.lang.Object)'> (0x000000070ea77a50) 
thrown [open/src/hotspot/share/interpreter/linkResolver.cpp, line 766]

VM Operations (16 events):
Event: 0.058 Executing VM operation: HandshakeAllThreads
Event: 0.058 Executing VM operation: HandshakeAllThreads done
Event: 0.058 Executing VM operation: HandshakeAllThreads
Event: 0.058 Executing VM operation: HandshakeAllThreads done
Event: 0.072 Executing VM operation: HandshakeAllThreads
Event: 0.072 Executing VM operation: HandshakeAllThreads done
Event: 0.299 Executing VM operation: ICBufferFull
Event: 0.299 Executing VM operation: ICBufferFull done
Event: 0.347 Executing VM operation: HandshakeAllThreads
Event: 0.347 Executing VM operation: HandshakeAllThreads done
Event: 0.358 Executing VM operation: G1CollectForAllocation
Event: 0.363 Executing VM operation: G1CollectForAllocation done
Event: 0.406 Executing VM operation: ICBufferFull
Event: 0.406 Executing VM operation: ICBufferFull done
Event: 0.524 Executing VM operation: HandshakeAllThreads
Event: 0.524 Executing VM operation: HandshakeAllThreads done

Events (20 events):
Event: 0.598 loading class sun/misc/Unsafe
Event: 0.598 loading class sun/misc/Unsafe done
Event: 0.598 loading class jdk/internal/reflect/UnsafeFieldAccessorFactory
Event: 0.598 loading class jdk/internal/reflect/UnsafeFieldAccessorFactory done
Event: 0.598 loading class jdk/internal/reflect/UnsafeQualifiedStaticObjectFieldAccessorImpl
Event: 0.598 loading class jdk/internal/reflect/UnsafeQualifiedStaticFieldAccessorImpl
Event: 0.598 loading class jdk/internal/reflect/UnsafeQualifiedStaticFieldAccessorImpl done
Event: 0.598 loading class jdk/internal/reflect/UnsafeQualifiedStaticObjectFieldAccessorImpl done
Event: 0.603 loading class java/nio/DirectShortBufferU
Event: 0.603 loading class java/nio/ShortBuffer
Event: 0.603 loading class java/nio/ShortBuffer done
Event: 0.603 loading class java/nio/DirectShortBufferU done
Event: 0.608 loading class java/nio/FloatBuffer
Event: 0.608 loading class java/nio/FloatBuffer done
Event: 0.608 loading class java/nio/DoubleBuffer
Event: 0.608 loading class java/nio/DoubleBuffer done
Event: 0.608 loading class java/nio/DirectFloatBufferU
Event: 0.608 loading class java/nio/DirectFloatBufferU done
Event: 0.615 loading class jdk/internal/misc/ScopedMemoryAccess$Scope
Event: 0.615 loading class jdk/internal/misc/ScopedMemoryAccess$Scope done


Dynamic libraries:
0x00000001050fc000 	/Users/ray/Library/Java/JavaVirtualMachines/openjdk-17.0.2/Contents/Home/lib/libjli.dylib
0x00000001cfa3b000 	/usr/lib/libz.1.dylib
0x00000001cfaeb000 	/usr/lib/libSystem.B.dylib
0x00000001cfae5000 	/usr/lib/system/libcache.dylib
0x00000001cfaa3000 	/usr/lib/system/libcommonCrypto.dylib
0x00000001cfacc000 	/usr/lib/system/libcompiler_rt.dylib
0x00000001cfac3000 	/usr/lib/system/libcopyfile.dylib
0x00000001c4e2e000 	/usr/lib/system/libcorecrypto.dylib
0x00000001c4ed3000 	/usr/lib/system/libdispatch.dylib
0x00000001c509b000 	/usr/lib/system/libdyld.dylib
0x00000001cfadb000 	/usr/lib/system/libkeymgr.dylib
0x00000001cfa85000 	/usr/lib/system/libmacho.dylib
0x00000001cf189000 	/usr/lib/system/libquarantine.dylib
0x00000001cfad8000 	/usr/lib/system/libremovefile.dylib
0x00000001ca22a000 	/usr/lib/system/libsystem_asl.dylib
0x00000001c4dd8000 	/usr/lib/system/libsystem_blocks.dylib
0x00000001c4f59000 	/usr/lib/system/libsystem_c.dylib
0x00000001cfad0000 	/usr/lib/system/libsystem_collections.dylib
0x00000001ce648000 	/usr/lib/system/libsystem_configuration.dylib
0x00000001cd8cc000 	/usr/lib/system/libsystem_containermanager.dylib
0x00000001cf7ec000 	/usr/lib/system/libsystem_coreservices.dylib
0x00000001c77bf000 	/usr/lib/system/libsystem_darwin.dylib
0x00000001cfadc000 	/usr/lib/system/libsystem_dnssd.dylib
0x00000001c4f56000 	/usr/lib/system/libsystem_featureflags.dylib
0x00000001c50b0000 	/usr/lib/system/libsystem_info.dylib
0x00000001cfa4d000 	/usr/lib/system/libsystem_m.dylib
0x00000001c4ea8000 	/usr/lib/system/libsystem_malloc.dylib
0x00000001ca1bb000 	/usr/lib/system/libsystem_networkextension.dylib
0x00000001c7c13000 	/usr/lib/system/libsystem_notify.dylib
0x00000001d5cf1000 	/usr/lib/system/libsystem_product_info_filter.dylib
0x00000001ce64d000 	/usr/lib/system/libsystem_sandbox.dylib
0x00000001cfad5000 	/usr/lib/system/libsystem_secinit.dylib
0x00000001c5058000 	/usr/lib/system/libsystem_kernel.dylib
0x00000001c50a8000 	/usr/lib/system/libsystem_platform.dylib
0x00000001c508e000 	/usr/lib/system/libsystem_pthread.dylib
0x00000001cb964000 	/usr/lib/system/libsystem_symptoms.dylib
0x00000001c4e14000 	/usr/lib/system/libsystem_trace.dylib
0x00000001cfab0000 	/usr/lib/system/libunwind.dylib
0x00000001c4dda000 	/usr/lib/system/libxpc.dylib
0x00000001c503e000 	/usr/lib/libc++abi.dylib
0x00000001c4f1a000 	/usr/lib/libobjc.A.dylib
0x00000001cfabb000 	/usr/lib/liboah.dylib
0x00000001c4fda000 	/usr/lib/libc++.1.dylib
0x00000001db6ec000 	/System/Library/Frameworks/Cocoa.framework/Versions/A/Cocoa
0x00000001c7c73000 	/System/Library/Frameworks/AppKit.framework/Versions/C/AppKit
0x00000001cb1a3000 	/System/Library/Frameworks/CoreData.framework/Versions/A/CoreData
0x00000001c5fd0000 	/System/Library/Frameworks/Foundation.framework/Versions/C/Foundation
0x00000001c8b27000 	/System/Library/PrivateFrameworks/UIFoundation.framework/Versions/A/UIFoundation
0x00000001d59eb000 	/System/Library/PrivateFrameworks/RemoteViewServices.framework/Versions/A/RemoteViewServices
0x00000001ce006000 	/System/Library/PrivateFrameworks/XCTTargetBootstrap.framework/Versions/A/XCTTargetBootstrap
0x00000001d17ec000 	/System/Library/PrivateFrameworks/InternationalSupport.framework/Versions/A/InternationalSupport
0x00000001d1875000 	/System/Library/PrivateFrameworks/UserActivity.framework/Versions/A/UserActivity
0x00000001d0d1a000 	/usr/lib/libspindump.dylib
0x00000001c8d97000 	/System/Library/Frameworks/UniformTypeIdentifiers.framework/Versions/A/UniformTypeIdentifiers
0x00000001cc593000 	/usr/lib/libapp_launch_measurement.dylib
0x00000001cbb0b000 	/System/Library/PrivateFrameworks/CoreAnalytics.framework/Versions/A/CoreAnalytics
0x00000001cc596000 	/System/Library/PrivateFrameworks/CoreAutoLayout.framework/Versions/A/CoreAutoLayout
0x00000001cd909000 	/System/Library/Frameworks/Metal.framework/Versions/A/Metal
0x00000001ce658000 	/usr/lib/liblangid.dylib
0x00000001ce00a000 	/System/Library/PrivateFrameworks/CoreSVG.framework/Versions/A/CoreSVG
0x00000001ca25e000 	/System/Library/PrivateFrameworks/SkyLight.framework/Versions/A/SkyLight
0x00000001ca628000 	/System/Library/Frameworks/CoreGraphics.framework/Versions/A/CoreGraphics
0x00000001d6068000 	/System/Library/Frameworks/Accelerate.framework/Versions/A/Accelerate
0x00000001d078e000 	/System/Library/PrivateFrameworks/IconServices.framework/Versions/A/IconServices
0x00000001cd8eb000 	/System/Library/Frameworks/IOSurface.framework/Versions/A/IOSurface
0x00000001cbb3b000 	/usr/lib/libDiagnosticMessagesClient.dylib
0x00000001d94af000 	/System/Library/Frameworks/ApplicationServices.framework/Versions/A/ApplicationServices
0x00000001cdfee000 	/System/Library/PrivateFrameworks/DFRFoundation.framework/Versions/A/DFRFoundation
0x00000001c7514000 	/usr/lib/libicucore.A.dylib
0x00000001d25ed000 	/System/Library/Frameworks/AudioToolbox.framework/Versions/A/AudioToolbox
0x00000001d17f8000 	/System/Library/PrivateFrameworks/DataDetectorsCore.framework/Versions/A/DataDetectorsCore
0x00000001e792a000 	/System/Library/PrivateFrameworks/TextInput.framework/Versions/A/TextInput
0x00000001ca1d5000 	/usr/lib/libMobileGestalt.dylib
0x00000001cdcbe000 	/System/Library/Frameworks/Carbon.framework/Versions/A/Frameworks/HIToolbox.framework/Versions/A/HIToolbox
0x00000001cbf9c000 	/System/Library/Frameworks/QuartzCore.framework/Versions/A/QuartzCore
0x00000001c7191000 	/System/Library/Frameworks/Security.framework/Versions/A/Security
0x00000001d5a2b000 	/System/Library/Frameworks/Carbon.framework/Versions/A/Frameworks/SpeechRecognition.framework/Versions/A/SpeechRecognition
0x00000001cc2ea000 	/System/Library/PrivateFrameworks/CoreUI.framework/Versions/A/CoreUI
0x00000001c6a62000 	/System/Library/Frameworks/CoreAudio.framework/Versions/A/CoreAudio
0x00000001cbc2f000 	/System/Library/Frameworks/DiskArbitration.framework/Versions/A/DiskArbitration
0x00000001d10ff000 	/System/Library/PrivateFrameworks/MultitouchSupport.framework/Versions/A/MultitouchSupport
0x00000001ca1d3000 	/usr/lib/libenergytrace.dylib
0x00000001c7b3d000 	/System/Library/Frameworks/IOKit.framework/Versions/A/IOKit
0x00000001d5e14000 	/System/Library/Frameworks/CoreServices.framework/Versions/A/CoreServices
0x00000001cc523000 	/System/Library/PrivateFrameworks/PerformanceAnalysis.framework/Versions/A/PerformanceAnalysis
0x000000022649d000 	/System/Library/Frameworks/OpenGL.framework/Versions/A/OpenGL
0x00000001cf0a9000 	/System/Library/PrivateFrameworks/MobileKeyBag.framework/Versions/A/MobileKeyBag
0x00000001cac38000 	/System/Library/Frameworks/ColorSync.framework/Versions/A/ColorSync
0x00000001c50dc000 	/System/Library/Frameworks/CoreFoundation.framework/Versions/A/CoreFoundation
0x00000001ce28b000 	/System/Library/Frameworks/CoreImage.framework/Versions/A/CoreImage
0x00000001c6885000 	/System/Library/Frameworks/CoreText.framework/Versions/A/CoreText
0x00000001ce03a000 	/System/Library/Frameworks/ImageIO.framework/Versions/A/ImageIO
0x00000001cfaf1000 	/System/Library/PrivateFrameworks/SoftLinking.framework/Versions/A/SoftLinking
0x00000001cc5e0000 	/usr/lib/libxml2.2.dylib
0x00000001cfd8a000 	/usr/lib/libcompression.dylib
0x00000001d1745000 	/System/Library/PrivateFrameworks/TextureIO.framework/Versions/A/TextureIO
0x00000001d04a8000 	/usr/lib/libate.dylib
0x00000001d0370000 	/usr/lib/liblzma.5.dylib
0x00000001c5cc4000 	/System/Library/Frameworks/SystemConfiguration.framework/Versions/A/SystemConfiguration
0x00000001cfaed000 	/usr/lib/libfakelink.dylib
0x00000001c9d02000 	/System/Library/Frameworks/CFNetwork.framework/Versions/A/CFNetwork
0x00000001cfc34000 	/usr/lib/libarchive.2.dylib
0x00000001ce654000 	/System/Library/PrivateFrameworks/AppleSystemInfo.framework/Versions/A/AppleSystemInfo
0x00000001cf1b4000 	/usr/lib/libbsm.0.dylib
0x00000001c923a000 	/usr/lib/libnetwork.dylib
0x00000001cfa8b000 	/usr/lib/system/libkxld.dylib
0x00000001cedcb000 	/System/Library/PrivateFrameworks/IOMobileFramebuffer.framework/Versions/A/IOMobileFramebuffer
0x0000000242202000 	/usr/lib/libCoreEntitlements.dylib
0x00000001cf7ce000 	/System/Library/PrivateFrameworks/AppleFSCompression.framework/Versions/A/AppleFSCompression
0x00000001cf19c000 	/usr/lib/libcoretls.dylib
0x00000001d0389000 	/usr/lib/libcoretls_cfhelpers.dylib
0x00000001cfd85000 	/usr/lib/libpam.2.dylib
0x00000001cb58c000 	/usr/lib/libsqlite3.dylib
0x00000001d03f1000 	/usr/lib/libxar.1.dylib
0x00000001cf7df000 	/usr/lib/libbz2.1.0.dylib
0x00000001cfaf2000 	/usr/lib/libpcap.A.dylib
0x00000001cb95b000 	/usr/lib/libdns_services.dylib
0x00000001cfd58000 	/usr/lib/libapple_nghttp2.dylib
0x00000001cfb2f000 	/usr/lib/libiconv.2.dylib
0x00000001cfa84000 	/usr/lib/libcharset.1.dylib
0x00000001cc55f000 	/System/Library/Frameworks/CoreServices.framework/Versions/A/Frameworks/FSEvents.framework/Versions/A/FSEvents
0x00000001c77ca000 	/System/Library/Frameworks/CoreServices.framework/Versions/A/Frameworks/CarbonCore.framework/Versions/A/CarbonCore
0x00000001cbb92000 	/System/Library/Frameworks/CoreServices.framework/Versions/A/Frameworks/Metadata.framework/Versions/A/Metadata
0x00000001cf7f2000 	/System/Library/Frameworks/CoreServices.framework/Versions/A/Frameworks/OSServices.framework/Versions/A/OSServices
0x00000001cfcba000 	/System/Library/Frameworks/CoreServices.framework/Versions/A/Frameworks/SearchKit.framework/Versions/A/SearchKit
0x00000001cb8e9000 	/System/Library/Frameworks/CoreServices.framework/Versions/A/Frameworks/AE.framework/Versions/A/AE
0x00000001c5620000 	/System/Library/Frameworks/CoreServices.framework/Versions/A/Frameworks/LaunchServices.framework/Versions/A/LaunchServices
0x00000001d0319000 	/System/Library/Frameworks/CoreServices.framework/Versions/A/Frameworks/DictionaryServices.framework/Versions/A/DictionaryServices
0x00000001cc56c000 	/System/Library/Frameworks/CoreServices.framework/Versions/A/Frameworks/SharedFileList.framework/Versions/A/SharedFileList
0x00000001cf18c000 	/usr/lib/libCheckFix.dylib
0x00000001ca242000 	/System/Library/PrivateFrameworks/TCC.framework/Versions/A/TCC
0x00000001ce65a000 	/System/Library/PrivateFrameworks/CoreNLP.framework/Versions/A/CoreNLP
0x00000001cbb3e000 	/System/Library/PrivateFrameworks/MetadataUtilities.framework/Versions/A/MetadataUtilities
0x00000001c5d7d000 	/usr/lib/libmecabra.dylib
0x00000001cf1c5000 	/usr/lib/libmecab.dylib
0x00000001c5d49000 	/usr/lib/libCRFSuite.dylib
0x00000001cf223000 	/usr/lib/libgermantok.dylib
0x00000001cfd31000 	/usr/lib/libThaiTokenizer.dylib
0x00000001cbc37000 	/System/Library/Frameworks/Accelerate.framework/Versions/A/Frameworks/vImage.framework/Versions/A/vImage
0x00000001d5deb000 	/System/Library/Frameworks/Accelerate.framework/Versions/A/Frameworks/vecLib.framework/Versions/A/vecLib
0x00000001d0435000 	/System/Library/Frameworks/Accelerate.framework/Versions/A/Frameworks/vecLib.framework/Versions/A/libvMisc.dylib
0x00000001cecd5000 	/System/Library/Frameworks/Accelerate.framework/Versions/A/Frameworks/vecLib.framework/Versions/A/libvDSP.dylib
0x00000001c59a3000 	/System/Library/Frameworks/Accelerate.framework/Versions/A/Frameworks/vecLib.framework/Versions/A/libBLAS.dylib
0x00000001cfe59000 	/System/Library/Frameworks/Accelerate.framework/Versions/A/Frameworks/vecLib.framework/Versions/A/libLAPACK.dylib
0x00000001cf226000 	/System/Library/Frameworks/Accelerate.framework/Versions/A/Frameworks/vecLib.framework/Versions/A/libLinearAlgebra.dylib
0x00000001cfd70000 	/System/Library/Frameworks/Accelerate.framework/Versions/A/Frameworks/vecLib.framework/Versions/A/libSparseBLAS.dylib
0x00000001cfe54000 	/System/Library/Frameworks/Accelerate.framework/Versions/A/Frameworks/vecLib.framework/Versions/A/libQuadrature.dylib
0x00000001ce751000 	/System/Library/Frameworks/Accelerate.framework/Versions/A/Frameworks/vecLib.framework/Versions/A/libBNNS.dylib
0x00000001c5c61000 	/System/Library/Frameworks/Accelerate.framework/Versions/A/Frameworks/vecLib.framework/Versions/A/libSparse.dylib
0x00000001ce749000 	/System/Library/PrivateFrameworks/LinguisticData.framework/Versions/A/LinguisticData
0x00000001c5c17000 	/System/Library/PrivateFrameworks/Lexicon.framework/Versions/A/Lexicon
0x00000001d042d000 	/usr/lib/libChineseTokenizer.dylib
0x00000001c63be000 	/System/Library/PrivateFrameworks/LanguageModeling.framework/Versions/A/LanguageModeling
0x00000001cfd33000 	/System/Library/PrivateFrameworks/AppleSauce.framework/Versions/A/AppleSauce
0x00000001cedb8000 	/System/Library/PrivateFrameworks/CoreEmoji.framework/Versions/A/CoreEmoji
0x00000001cfc22000 	/usr/lib/libcmph.dylib
0x00000001cc53f000 	/System/Library/Frameworks/OpenDirectory.framework/Versions/A/Frameworks/CFOpenDirectory.framework/Versions/A/CFOpenDirectory
0x00000001cc52f000 	/System/Library/Frameworks/OpenDirectory.framework/Versions/A/OpenDirectory
0x00000001d038b000 	/System/Library/PrivateFrameworks/APFS.framework/Versions/A/APFS
0x00000001cf0e4000 	/System/Library/Frameworks/SecurityFoundation.framework/Versions/A/SecurityFoundation
0x00000001d03ff000 	/usr/lib/libutil.dylib
0x00000001c7aff000 	/System/Library/PrivateFrameworks/CoreServicesStore.framework/Versions/A/CoreServicesStore
0x00000001d0403000 	/usr/lib/libxslt.1.dylib
0x00000001cf178000 	/System/Library/PrivateFrameworks/BackgroundTaskManagement.framework/Versions/A/BackgroundTaskManagement
0x00000001d1666000 	/System/Library/Frameworks/ImageIO.framework/Versions/A/Resources/libRadiance.dylib
0x00000001d166f000 	/System/Library/Frameworks/ImageIO.framework/Versions/A/Resources/libJPEG.dylib
0x00000001d15c1000 	/System/Library/Frameworks/ImageIO.framework/Versions/A/Resources/libPng.dylib
0x00000001d15e3000 	/System/Library/Frameworks/ImageIO.framework/Versions/A/Resources/libTIFF.dylib
0x00000001d16ca000 	/System/Library/Frameworks/ImageIO.framework/Versions/A/Resources/libGIF.dylib
0x00000001d100f000 	/System/Library/Frameworks/ImageIO.framework/Versions/A/Resources/libJP2.dylib
0x00000001d0754000 	/usr/lib/libexpat.1.dylib
0x00000001d0fca000 	/System/Library/PrivateFrameworks/AppleJPEG.framework/Versions/A/AppleJPEG
0x00000001cdb7d000 	/System/Library/PrivateFrameworks/FontServices.framework/libFontParser.dylib
0x00000001cb88e000 	/System/Library/PrivateFrameworks/RunningBoardServices.framework/Versions/A/RunningBoardServices
0x00000001dbd5f000 	/System/Library/PrivateFrameworks/IOSurfaceAccelerator.framework/Versions/A/IOSurfaceAccelerator
0x00000001d10fb000 	/System/Library/PrivateFrameworks/WatchdogClient.framework/Versions/A/WatchdogClient
0x00000001c64c2000 	/System/Library/Frameworks/CoreDisplay.framework/Versions/A/CoreDisplay
0x00000001cda6b000 	/System/Library/Frameworks/CoreMedia.framework/Versions/A/CoreMedia
0x00000001cd8ff000 	/System/Library/PrivateFrameworks/IOAccelerator.framework/Versions/A/IOAccelerator
0x00000001cc6cd000 	/System/Library/Frameworks/CoreVideo.framework/Versions/A/CoreVideo
0x00000001cfd83000 	/System/Library/Frameworks/MetalPerformanceShaders.framework/Versions/A/MetalPerformanceShaders
0x00000001d1138000 	/System/Library/Frameworks/VideoToolbox.framework/Versions/A/VideoToolbox
0x00000001cb7d2000 	/System/Library/PrivateFrameworks/BaseBoard.framework/Versions/A/BaseBoard
0x00000001cb571000 	/System/Library/PrivateFrameworks/ProtocolBuffer.framework/Versions/A/ProtocolBuffer
0x00000001d1661000 	/System/Library/PrivateFrameworks/GPUWrangler.framework/Versions/A/GPUWrangler
0x00000001d1640000 	/System/Library/PrivateFrameworks/IOPresentment.framework/Versions/A/IOPresentment
0x00000001d1669000 	/System/Library/PrivateFrameworks/DSExternalDisplay.framework/Versions/A/DSExternalDisplay
0x0000000226490000 	/System/Library/Frameworks/OpenGL.framework/Versions/A/Libraries/libCoreFSCache.dylib
0x000000022fc51000 	/System/Library/PrivateFrameworks/GPUCompiler.framework/Versions/31001/Libraries/libGPUCompilerUtils.dylib
0x00000001d16cf000 	/System/Library/PrivateFrameworks/CMCaptureCore.framework/Versions/A/CMCaptureCore
0x00000001d0d08000 	/System/Library/PrivateFrameworks/AppServerSupport.framework/Versions/A/AppServerSupport
0x00000001d2ea8000 	/System/Library/PrivateFrameworks/perfdata.framework/Versions/A/perfdata
0x00000001c65e2000 	/System/Library/PrivateFrameworks/AudioToolboxCore.framework/Versions/A/AudioToolboxCore
0x00000001cda43000 	/System/Library/PrivateFrameworks/caulk.framework/Versions/A/caulk
0x00000001d279d000 	/usr/lib/libAudioStatistics.dylib
0x00000001e40a3000 	/System/Library/PrivateFrameworks/SystemPolicy.framework/Versions/A/SystemPolicy
0x00000001d29fd000 	/usr/lib/libSMC.dylib
0x00000001db5ce000 	/System/Library/Frameworks/CoreMIDI.framework/Versions/A/CoreMIDI
0x00000001d158f000 	/usr/lib/libAudioToolboxUtility.dylib
0x00000001e04dc000 	/System/Library/PrivateFrameworks/OSAServicesClient.framework/Versions/A/OSAServicesClient
0x00000001d2eb5000 	/usr/lib/libperfcheck.dylib
0x00000001e4ba6000 	/usr/lib/libmis.dylib
0x00000002264f1000 	/System/Library/Frameworks/OpenGL.framework/Versions/A/Libraries/libGLU.dylib
0x00000002264b0000 	/System/Library/Frameworks/OpenGL.framework/Versions/A/Libraries/libGFXShared.dylib
0x000000022669a000 	/System/Library/Frameworks/OpenGL.framework/Versions/A/Libraries/libGL.dylib
0x00000002264b9000 	/System/Library/Frameworks/OpenGL.framework/Versions/A/Libraries/libGLImage.dylib
0x00000002264ad000 	/System/Library/Frameworks/OpenGL.framework/Versions/A/Libraries/libCVMSPluginSupport.dylib
0x0000000226497000 	/System/Library/Frameworks/OpenGL.framework/Versions/A/Libraries/libCoreVMClient.dylib
0x00000001ce5d5000 	/System/Library/Frameworks/MetalPerformanceShaders.framework/Versions/A/Frameworks/MPSCore.framework/Versions/A/MPSCore
0x00000001cf741000 	/System/Library/Frameworks/MetalPerformanceShaders.framework/Versions/A/Frameworks/MPSImage.framework/Versions/A/MPSImage
0x00000001cf23b000 	/System/Library/Frameworks/MetalPerformanceShaders.framework/Versions/A/Frameworks/MPSNeuralNetwork.framework/Versions/A/MPSNeuralNetwork
0x00000001cf678000 	/System/Library/Frameworks/MetalPerformanceShaders.framework/Versions/A/Frameworks/MPSMatrix.framework/Versions/A/MPSMatrix
0x00000001cf453000 	/System/Library/Frameworks/MetalPerformanceShaders.framework/Versions/A/Frameworks/MPSRayIntersector.framework/Versions/A/MPSRayIntersector
0x00000001cf6a9000 	/System/Library/Frameworks/MetalPerformanceShaders.framework/Versions/A/Frameworks/MPSNDArray.framework/Versions/A/MPSNDArray
0x00000002281c7000 	/System/Library/Frameworks/MetalPerformanceShaders.framework/Versions/A/Frameworks/MPSFunctions.framework/Versions/A/MPSFunctions
0x00000001c5881000 	/System/Library/PrivateFrameworks/MetalTools.framework/Versions/A/MetalTools
0x00000001ce652000 	/System/Library/PrivateFrameworks/AggregateDictionary.framework/Versions/A/AggregateDictionary
0x00000001d053a000 	/usr/lib/libIOReport.dylib
0x00000001da5b5000 	/System/Library/PrivateFrameworks/ASEProcessing.framework/Versions/A/ASEProcessing
0x00000001d08ad000 	/System/Library/PrivateFrameworks/FaceCore.framework/Versions/A/FaceCore
0x00000001d089f000 	/System/Library/PrivateFrameworks/GraphVisualizer.framework/Versions/A/GraphVisualizer
0x000000022fb68000 	/System/Library/PrivateFrameworks/FontServices.framework/Versions/A/FontServices
0x00000001d0cc2000 	/System/Library/PrivateFrameworks/OTSVG.framework/Versions/A/OTSVG
0x00000001cc29b000 	/System/Library/Frameworks/ApplicationServices.framework/Versions/A/Frameworks/ATS.framework/Versions/A/Resources/libFontRegistry.dylib
0x00000001d0d11000 	/System/Library/PrivateFrameworks/FontServices.framework/libhvf.dylib
0x000000022fb69000 	/System/Library/PrivateFrameworks/FontServices.framework/libXTFontStaticRegistryData.dylib
0x000000022683c000 	/System/Library/Frameworks/OpenCL.framework/Versions/A/OpenCL
0x00000001d0708000 	/System/Library/PrivateFrameworks/AppleVA.framework/Versions/A/AppleVA
0x00000001d27c5000 	/System/Library/Frameworks/ApplicationServices.framework/Versions/A/Frameworks/ATS.framework/Versions/A/ATS
0x00000001cad35000 	/System/Library/Frameworks/ApplicationServices.framework/Versions/A/Frameworks/HIServices.framework/Versions/A/HIServices
0x00000001d16d9000 	/System/Library/Frameworks/ApplicationServices.framework/Versions/A/Frameworks/PrintCore.framework/Versions/A/PrintCore
0x00000001d2b50000 	/System/Library/Frameworks/ApplicationServices.framework/Versions/A/Frameworks/QD.framework/Versions/A/QD
0x00000001d2b48000 	/System/Library/Frameworks/ApplicationServices.framework/Versions/A/Frameworks/ColorSyncLegacy.framework/Versions/A/ColorSyncLegacy
0x00000001d27b1000 	/System/Library/Frameworks/ApplicationServices.framework/Versions/A/Frameworks/SpeechSynthesis.framework/Versions/A/SpeechSynthesis
0x00000001d169a000 	/System/Library/Frameworks/ApplicationServices.framework/Versions/A/Frameworks/ATSUI.framework/Versions/A/ATSUI
0x00000001d2add000 	/usr/lib/libcups.2.dylib
0x00000001d2ec3000 	/System/Library/Frameworks/Kerberos.framework/Versions/A/Kerberos
0x00000001d2ed4000 	/System/Library/Frameworks/GSS.framework/Versions/A/GSS
0x00000001d2834000 	/usr/lib/libresolv.9.dylib
0x00000001d0d1f000 	/System/Library/PrivateFrameworks/Heimdal.framework/Versions/A/Heimdal
0x00000001d9825000 	/System/Library/Frameworks/Kerberos.framework/Versions/A/Libraries/libHeimdalProxy.dylib
0x00000001cb96d000 	/System/Library/Frameworks/Network.framework/Versions/A/Network
0x00000001d076f000 	/usr/lib/libheimdal-asn1.dylib
0x00000001d2f1a000 	/System/Library/PrivateFrameworks/CommonAuth.framework/Versions/A/CommonAuth
0x00000001d272b000 	/System/Library/PrivateFrameworks/AudioSession.framework/Versions/A/AudioSession
0x00000001d0800000 	/System/Library/PrivateFrameworks/MediaExperience.framework/Versions/A/MediaExperience
0x00000001d25b3000 	/System/Library/PrivateFrameworks/AudioSession.framework/libSessionUtility.dylib
0x00000001d2b5c000 	/System/Library/PrivateFrameworks/AudioResourceArbitration.framework/Versions/A/AudioResourceArbitration
0x00000001d6c67000 	/System/Library/PrivateFrameworks/PowerLog.framework/Versions/A/PowerLog
0x00000001d0778000 	/System/Library/PrivateFrameworks/IconFoundation.framework/Versions/A/IconFoundation
0x00000001d5a17000 	/System/Library/PrivateFrameworks/SpeechRecognitionCore.framework/Versions/A/SpeechRecognitionCore
0x0000000106298000 	/Users/ray/Library/Java/JavaVirtualMachines/openjdk-17.0.2/Contents/Home/lib/server/libjvm.dylib
0x0000000105160000 	/Users/ray/Library/Java/JavaVirtualMachines/openjdk-17.0.2/Contents/Home/lib/libjimage.dylib
0x000000010518c000 	/Users/ray/Library/Java/JavaVirtualMachines/openjdk-17.0.2/Contents/Home/lib/libinstrument.dylib
0x00000001051d8000 	/Users/ray/Library/Java/JavaVirtualMachines/openjdk-17.0.2/Contents/Home/lib/libjava.dylib
0x00000001052b4000 	/Users/ray/Library/Java/JavaVirtualMachines/openjdk-17.0.2/Contents/Home/lib/libnio.dylib
0x0000000105d64000 	/Users/ray/Library/Java/JavaVirtualMachines/openjdk-17.0.2/Contents/Home/lib/libnet.dylib
0x00000001051c0000 	/Users/ray/Library/Java/JavaVirtualMachines/openjdk-17.0.2/Contents/Home/lib/libzip.dylib
0x0000000105d88000 	/Users/ray/.openjfx/cache/17-ea/libprism_es2.dylib
0x00000001c7ac2000 	/System/Library/PrivateFrameworks/CoreServicesInternal.framework/Versions/A/CoreServicesInternal
0x00000002266a4000 	/System/Library/Frameworks/OpenGL.framework/Versions/A/Resources/GLEngine.bundle/GLEngine
0x000000022652b000 	/System/Library/Frameworks/OpenGL.framework/Versions/A/Libraries/libGLProgrammability.dylib
0x0000000124c3c000 	/System/Library/Extensions/AppleMetalOpenGLRenderer.bundle/Contents/MacOS/AppleMetalOpenGLRenderer
0x0000000226813000 	/System/Library/Frameworks/OpenGL.framework/Versions/A/Resources/GLRendererFloat.bundle/GLRendererFloat
0x00000002268b4000 	/System/Library/Extensions/AGXMetal13_3.bundle/Contents/MacOS/AGXMetal13_3
0x00000001e4bc2000 	/System/Library/PrivateFrameworks/GPURawCounter.framework/Versions/A/GPURawCounter
0x00000001df663000 	/System/Library/PrivateFrameworks/IOGPU.framework/Versions/A/IOGPU
0x0000000124b80000 	/Users/ray/.openjfx/cache/17-ea/libglass.dylib
0x00000001d6ebb000 	/System/Library/Frameworks/FileProvider.framework/Versions/A/FileProvider
0x00000001cb73a000 	/System/Library/Frameworks/Accounts.framework/Versions/A/Accounts
0x00000001d703b000 	/System/Library/PrivateFrameworks/GenerationalStorage.framework/Versions/A/GenerationalStorage
0x00000001d7bf1000 	/System/Library/PrivateFrameworks/CoreSymbolication.framework/Versions/A/CoreSymbolication
0x00000001d6c5b000 	/System/Library/PrivateFrameworks/SymptomDiagnosticReporter.framework/Versions/A/SymptomDiagnosticReporter
0x00000001c8dab000 	/System/Library/PrivateFrameworks/DesktopServicesPriv.framework/Versions/A/DesktopServicesPriv
0x00000001c7c22000 	/usr/lib/libsandbox.1.dylib
0x00000001cc75a000 	/System/Library/PrivateFrameworks/UserManagement.framework/Versions/A/UserManagement
0x00000001d7bb2000 	/System/Library/PrivateFrameworks/DebugSymbols.framework/Versions/A/DebugSymbols
0x00000001d2b3b000 	/System/Library/PrivateFrameworks/NetAuth.framework/Versions/A/NetAuth
0x00000001d3a40000 	/System/Library/PrivateFrameworks/Sharing.framework/Versions/A/Sharing
0x00000001cc72a000 	/System/Library/PrivateFrameworks/login.framework/Versions/A/Frameworks/loginsupport.framework/Versions/A/loginsupport
0x00000001d8d69000 	/System/Library/PrivateFrameworks/Apple80211.framework/Versions/A/Apple80211
0x00000001cf825000 	/System/Library/PrivateFrameworks/AuthKit.framework/Versions/A/AuthKit
0x00000001ceeb7000 	/System/Library/PrivateFrameworks/CoreUtils.framework/Versions/A/CoreUtils
0x00000001cedd7000 	/System/Library/Frameworks/CoreWLAN.framework/Versions/A/CoreWLAN
0x00000001d3baa000 	/System/Library/Frameworks/IOBluetooth.framework/Versions/A/IOBluetooth
0x00000001d8dc9000 	/System/Library/PrivateFrameworks/CoreWiFi.framework/Versions/A/CoreWiFi
0x00000001d7799000 	/System/Library/PrivateFrameworks/FrontBoardServices.framework/Versions/A/FrontBoardServices
0x00000001d7831000 	/System/Library/PrivateFrameworks/BoardServices.framework/Versions/A/BoardServices
0x00000001cf0d2000 	/System/Library/PrivateFrameworks/AssertionServices.framework/Versions/A/AssertionServices
0x00000001d8f37000 	/System/Library/PrivateFrameworks/BackBoardServices.framework/Versions/A/BackBoardServices
0x00000001d2fad000 	/System/Library/PrivateFrameworks/CorePhoneNumbers.framework/Versions/A/CorePhoneNumbers
0x00000001d6d8b000 	/System/Library/PrivateFrameworks/DiskManagement.framework/Versions/A/DiskManagement
0x00000001d6c8e000 	/System/Library/PrivateFrameworks/AppleIDAuthSupport.framework/Versions/A/AppleIDAuthSupport
0x000000022a490000 	/System/Library/PrivateFrameworks/AAAFoundation.framework/Versions/A/AAAFoundation
0x00000001d2f8c000 	/System/Library/PrivateFrameworks/KeychainCircle.framework/Versions/A/KeychainCircle
0x00000001d6d57000 	/System/Library/PrivateFrameworks/MediaKit.framework/Versions/A/MediaKit
0x00000001d6c9b000 	/System/Library/Frameworks/DiscRecording.framework/Versions/A/DiscRecording
0x00000001d0684000 	/usr/lib/libCoreStorage.dylib
0x00000001d9233000 	/usr/lib/libcsfde.dylib
0x00000001d3c7f000 	/System/Library/PrivateFrameworks/ProtectedCloudStorage.framework/Versions/A/ProtectedCloudStorage
0x00000001d922b000 	/System/Library/PrivateFrameworks/EFILogin.framework/Versions/A/EFILogin
0x00000001d7062000 	/System/Library/PrivateFrameworks/OctagonTrust.framework/Versions/A/OctagonTrust
0x000000022edb4000 	/System/Library/PrivateFrameworks/CoreUtilsExtras.framework/Versions/A/CoreUtilsExtras
0x00000001d6bd1000 	/System/Library/Frameworks/CoreBluetooth.framework/Versions/A/CoreBluetooth
0x00000001d98aa000 	/System/Library/Frameworks/AudioUnit.framework/Versions/A/AudioUnit
0x00000001d067c000 	/usr/lib/libMatch.1.dylib
0x00000001e8ea5000 	/System/Library/Frameworks/Accelerate.framework/Versions/A/Frameworks/vImage.framework/Versions/A/Libraries/libCGInterfaces.dylib
0x0000000124fb4000 	/usr/lib/libobjc-trampolines.dylib
0x000000024237c000 	/usr/lib/libRosetta.dylib
0x00000001cc427000 	/System/Library/PrivateFrameworks/ViewBridge.framework/Versions/A/ViewBridge
0x000000013656c000 	/Users/ray/.openjfx/cache/17-ea/libjavafx_font.dylib
0x00000001d0dcd000 	/System/Library/PrivateFrameworks/login.framework/Versions/A/login


VM Arguments:
jvm_args: -javaagent:/Applications/IntelliJ IDEA CE.app/Contents/lib/idea_rt.jar=55877:/Applications/IntelliJ IDEA CE.app/Contents/bin -Dfile.encoding=UTF-8 --module-path=/Users/ray/Source/GUI/Examples2022/target/classes:/Users/ray/.m2/repository/org/openjfx/javafx-base/17-ea+11/javafx-base-17-ea+11-mac-aarch64.jar:/Users/ray/.m2/repository/org/openjfx/javafx-controls/17-ea+11/javafx-controls-17-ea+11-mac-aarch64.jar:/Users/ray/.m2/repository/org/openjfx/javafx-graphics/17-ea+11/javafx-graphics-17-ea+11-mac-aarch64.jar:/Users/ray/.m2/repository/org/openjfx/javafx-fxml/17-ea+11/javafx-fxml-17-ea+11-mac-aarch64.jar -Djdk.module.main=rebenitsch 
java_command: rebenitsch/Basics.FirstEvents
java_class_path (initial): /Users/ray/.m2/repository/org/openjfx/javafx-controls/17-ea+11/javafx-controls-17-ea+11.jar:/Users/ray/.m2/repository/org/openjfx/javafx-graphics/17-ea+11/javafx-graphics-17-ea+11.jar:/Users/ray/.m2/repository/org/openjfx/javafx-base/17-ea+11/javafx-base-17-ea+11.jar:/Users/ray/.m2/repository/org/openjfx/javafx-fxml/17-ea+11/javafx-fxml-17-ea+11.jar
Launcher Type: SUN_STANDARD

[Global flags]
     intx CICompilerCount                          = 4                                         {product} {ergonomic}
     uint ConcGCThreads                            = 2                                         {product} {ergonomic}
     uint G1ConcRefinementThreads                  = 8                                         {product} {ergonomic}
   size_t G1HeapRegionSize                         = 2097152                                   {product} {ergonomic}
    uintx GCDrainStackTargetSize                   = 64                                        {product} {ergonomic}
   size_t InitialHeapSize                          = 268435456                                 {product} {ergonomic}
   size_t MarkStackSize                            = 4194304                                   {product} {ergonomic}
   size_t MaxHeapSize                              = 4294967296                                {product} {ergonomic}
   size_t MaxNewSize                               = 2575302656                                {product} {ergonomic}
   size_t MinHeapDeltaBytes                        = 2097152                                   {product} {ergonomic}
   size_t MinHeapSize                              = 8388608                                   {product} {ergonomic}
    uintx NonNMethodCodeHeapSize                   = 5839564                                {pd product} {ergonomic}
    uintx NonProfiledCodeHeapSize                  = 122909338                              {pd product} {ergonomic}
    uintx ProfiledCodeHeapSize                     = 122909338                              {pd product} {ergonomic}
    uintx ReservedCodeCacheSize                    = 251658240                              {pd product} {ergonomic}
     bool SegmentedCodeCache                       = true                                      {product} {ergonomic}
   size_t SoftMaxHeapSize                          = 4294967296                             {manageable} {ergonomic}
     bool UseCompressedClassPointers               = true                           {product lp64_product} {ergonomic}
     bool UseCompressedOops                        = true                           {product lp64_product} {ergonomic}
     bool UseG1GC                                  = true                                      {product} {ergonomic}
     bool UseNUMA                                  = false                                     {product} {ergonomic}
     bool UseNUMAInterleaving                      = false                                     {product} {ergonomic}

Logging:
Log output configuration:
 #0: stdout all=warning uptime,level,tags
 #1: stderr all=off uptime,level,tags

Environment Variables:
PATH=/opt/homebrew/bin:/opt/homebrew/sbin:/Library/Frameworks/Python.framework/Versions/3.9/bin:/usr/local/bin:/usr/bin:/bin:/usr/sbin:/sbin:/Library/TeX/texbin:/Library/Apple/usr/bin
SHELL=/bin/zsh
LC_CTYPE=en_US.UTF-8

Signal Handlers:
   SIGSEGV: _ZL13crash_handleriP9__siginfoPv in libjvm.dylib, mask=11100110000111110111111111111111, flags=SA_RESTART|SA_SIGINFO
    SIGBUS: _ZL13crash_handleriP9__siginfoPv in libjvm.dylib, mask=11100110000111110111111111111111, flags=SA_RESTART|SA_SIGINFO
    SIGFPE: _ZL13crash_handleriP9__siginfoPv in libjvm.dylib, mask=11100110000111110111111111111111, flags=SA_RESTART|SA_SIGINFO
   SIGPIPE: _ZL17javaSignalHandleriP9__siginfoPv in libjvm.dylib, mask=11100110000111110111111111111111, flags=SA_RESTART|SA_SIGINFO
   SIGXFSZ: _ZL17javaSignalHandleriP9__siginfoPv in libjvm.dylib, mask=11100110000111110111111111111111, flags=SA_RESTART|SA_SIGINFO
    SIGILL: _ZL13crash_handleriP9__siginfoPv in libjvm.dylib, mask=11100110000111110111111111111111, flags=SA_RESTART|SA_SIGINFO
   SIGUSR2: _ZL10SR_handleriP9__siginfoP17__darwin_ucontext in libjvm.dylib, mask=00100000000000000000000000000000, flags=SA_RESTART|SA_SIGINFO
    SIGHUP: _ZL11UserHandleriPvS_ in libjvm.dylib, mask=11100110000111110111111111111111, flags=SA_RESTART|SA_SIGINFO
    SIGINT: _ZL11UserHandleriPvS_ in libjvm.dylib, mask=11100110000111110111111111111111, flags=SA_RESTART|SA_SIGINFO
   SIGTERM: _ZL11UserHandleriPvS_ in libjvm.dylib, mask=11100110000111110111111111111111, flags=SA_RESTART|SA_SIGINFO
   SIGQUIT: _ZL11UserHandleriPvS_ in libjvm.dylib, mask=11100110000111110111111111111111, flags=SA_RESTART|SA_SIGINFO
   SIGTRAP: _ZL13crash_handleriP9__siginfoPv in libjvm.dylib, mask=11100110000111110111111111111111, flags=SA_RESTART|SA_SIGINFO


---------------  S Y S T E M  ---------------

OS:
uname: Darwin 21.2.0 Darwin Kernel Version 21.2.0: Sun Nov 28 20:29:10 PST 2021; root:xnu-8019.61.5~1/RELEASE_ARM64_T8101 arm64
OS uptime: 7 days 2:59 hours
rlimit (soft/hard): STACK 8176k/65520k , CORE 0k/infinity , NPROC 2666/4000 , NOFILE 10240/infinity , AS infinity/infinity , CPU infinity/infinity , DATA infinity/infinity , FSIZE infinity/infinity , MEMLOCK infinity/infinity , RSS infinity/infinity
load average: 1.83 2.10 2.06

CPU: total 8 (initial active 8) 0x61:0x0:0x1b588bb3:0, fp, simd, crc, lse

Memory: 16k page, physical 16777216k(277360k free), swap 1048576k(988160k free)

vm_info: OpenJDK 64-Bit Server VM (17.0.2+8-86) for bsd-aarch64 JRE (17.0.2+8-86), built on Dec  7 2021 21:45:06 by "mach5one" with clang Apple LLVM 12.0.0 (clang-1200.0.32.29)

END.
